#
# A fatal error has been detected by the Java Runtime Environment:
#
#  EXCEPTION_ACCESS_VIOLATION (0xc0000005) at pc=0x00007ff85b6140cb, pid=14200, tid=18708
#
# JRE version: OpenJDK Runtime Environment (11.0.2+9) (build 11.0.2+9)
# Java VM: OpenJDK 64-Bit Server VM (11.0.2+9, mixed mode, tiered, compressed oops, g1 gc, windows-amd64)
# Problematic frame:
# C  [atio6axx.dll+0x16c40cb]
#
# No core dump will be written. Minidumps are not enabled by default on client versions of Windows
#
# If you would like to submit a bug report, please visit:
#   http://bugreport.java.com/bugreport/crash.jsp
# The crash happened outside the Java Virtual Machine in native code.
# See problematic frame for where to report the bug.
#

---------------  S U M M A R Y ------------

Command Line: -ea -agentlib:jdwp=transport=dt_shmem,address=javadebug -Dfile.encoding=UTF-8 bluej.runtime.ExecServer UTF-8

Host: Intel(R) Core(TM) i7-4790K CPU @ 4.00GHz, 8 cores, 15G,  Windows 10 , 64 bit Build 19041 (10.0.19041.1466)
Time: Fri Jan 14 21:36:37 2022 Mitteleuropäische Zeit elapsed time: 181 seconds (0d 0h 3m 1s)

---------------  T H R E A D  ---------------

Current thread (0x0000022fd6ae6000):  JavaThread "AWT-EventQueue-0" [_thread_in_native, id=18708, stack(0x0000007237b00000,0x0000007237c00000)]

Stack: [0x0000007237b00000,0x0000007237c00000],  sp=0x0000007237bfb260,  free space=1004k
Native frames: (J=compiled Java code, j=interpreted, Vv=VM code, C=native code)
C  [atio6axx.dll+0x16c40cb]

Java frames: (J=compiled Java code, j=interpreted, Vv=VM code)
J 2208  jogamp.nativewindow.windows.GDI.SwapBuffers(J)Z (0 bytes) @ 0x0000022fc0252991 [0x0000022fc0252940+0x0000000000000051]
J 2332 c2 jogamp.opengl.GLDrawableHelper.invokeGLImpl(Ljavax/media/opengl/GLDrawable;Ljavax/media/opengl/GLContext;Ljava/lang/Runnable;Ljava/lang/Runnable;Ljavax/media/opengl/GLAutoDrawable;)V (425 bytes) @ 0x0000022fc02b51f4 [0x0000022fc02b4900+0x00000000000008f4]
J 2328 c2 javax.media.opengl.Threading.invoke(ZLjava/lang/Runnable;Ljava/lang/Object;)V (39 bytes) @ 0x0000022fc02a99d4 [0x0000022fc02a81a0+0x0000000000001834]
J 2348 c2 GLOOP.GLRenderer.erstelleStereoframe()V (524 bytes) @ 0x0000022fc02c3808 [0x0000022fc02c2f00+0x0000000000000908]
J 2273 c2 GLOOP.GLRenderer.display(Ljavax/media/opengl/GLAutoDrawable;)V (696 bytes) @ 0x0000022fc0265d28 [0x0000022fc0265860+0x00000000000004c8]
J 2332 c2 jogamp.opengl.GLDrawableHelper.invokeGLImpl(Ljavax/media/opengl/GLDrawable;Ljavax/media/opengl/GLContext;Ljava/lang/Runnable;Ljava/lang/Runnable;Ljavax/media/opengl/GLAutoDrawable;)V (425 bytes) @ 0x0000022fc02b507c [0x0000022fc02b4900+0x000000000000077c]
J 2567 c2 javax.media.opengl.awt.GLCanvas$9.run()V (117 bytes) @ 0x0000022fc030adc8 [0x0000022fc030aba0+0x0000000000000228]
J 2575 c2 java.awt.EventQueue$4.run()Ljava/lang/Object; java.desktop@11.0.2 (5 bytes) @ 0x0000022fc031274c [0x0000022fc0312620+0x000000000000012c]
v  ~StubRoutines::call_stub
J 2044  java.security.AccessController.doPrivileged(Ljava/security/PrivilegedAction;Ljava/security/AccessControlContext;)Ljava/lang/Object; java.base@11.0.2 (0 bytes) @ 0x0000022fc0230936 [0x0000022fc02308c0+0x0000000000000076]
J 2055 c1 java.security.ProtectionDomain$JavaSecurityAccessImpl.doIntersectionPrivilege(Ljava/security/PrivilegedAction;Ljava/security/AccessControlContext;Ljava/security/AccessControlContext;)Ljava/lang/Object; java.base@11.0.2 (22 bytes) @ 0x0000022fb8fe8b84 [0x0000022fb8fe8840+0x0000000000000344]
j  java.awt.EventQueue.dispatchEvent(Ljava/awt/AWTEvent;)V+46 java.desktop@11.0.2
J 2562 c1 java.awt.EventDispatchThread.pumpOneEventForFilters(I)V java.desktop@11.0.2 (113 bytes) @ 0x0000022fb8cd0bec [0x0000022fb8cd04a0+0x000000000000074c]
j  java.awt.EventDispatchThread.pumpEventsForFilter(ILjava/awt/Conditional;Ljava/awt/EventFilter;)V+35 java.desktop@11.0.2
j  java.awt.EventDispatchThread.pumpEventsForHierarchy(ILjava/awt/Conditional;Ljava/awt/Component;)V+11 java.desktop@11.0.2
j  java.awt.EventDispatchThread.pumpEvents(ILjava/awt/Conditional;)V+4 java.desktop@11.0.2
j  java.awt.EventDispatchThread.pumpEvents(Ljava/awt/Conditional;)V+3 java.desktop@11.0.2
j  java.awt.EventDispatchThread.run()V+9 java.desktop@11.0.2
v  ~StubRoutines::call_stub

siginfo: EXCEPTION_ACCESS_VIOLATION (0xc0000005), reading address 0x0000000000000040


Register to memory mapping:

RIP=0x00007ff85b6140cb atio6axx.dll
RAX=0x000002302db96718 points into unknown readable memory: 80 a4 57 5b f8 7f 00 00
RBX=0x0 is NULL
RCX=0x0 is NULL
RDX=0x0 is NULL
RSP=0x0000007237bfb260 is pointing into the stack for thread: 0x0000022fd6ae6000
RBP=0x000002302db96270 points into unknown readable memory: 60 4f 65 5c f8 7f 00 00
RSI=0x000002303545ed50 points into unknown readable memory: 78 4e 65 5c f8 7f 00 00
RDI=0x0 is NULL
R8 =0x0 is NULL
R9 =0x0 is NULL
R10=0x00007ff85c658408 atio6axx.dll
R11=0x0 is NULL
R12=0x0000000000000003 is an unknown value
R13=0x000002302e3268d0 points into unknown readable memory: 08 84 65 5c f8 7f 00 00
R14=0x0 is NULL
R15=0x0 is NULL


Registers:
RAX=0x000002302db96718, RBX=0x0000000000000000, RCX=0x0000000000000000, RDX=0x0000000000000000
RSP=0x0000007237bfb260, RBP=0x000002302db96270, RSI=0x000002303545ed50, RDI=0x0000000000000000
R8 =0x0000000000000000, R9 =0x0000000000000000, R10=0x00007ff85c658408, R11=0x0000000000000000
R12=0x0000000000000003, R13=0x000002302e3268d0, R14=0x0000000000000000, R15=0x0000000000000000
RIP=0x00007ff85b6140cb, EFLAGS=0x0000000000010246

Top of Stack: (sp=0x0000007237bfb260)
0x0000007237bfb260:   0000000000000000 0000022faeac21c0
0x0000007237bfb270:   000000000000000c 0000022faeac0000
0x0000007237bfb280:   000002302e3268d0 00007ff85b693cae
0x0000007237bfb290:   0000000000000140 0000022faeac0cc0
0x0000007237bfb2a0:   000002302e47e3c0 0000000000000000
0x0000007237bfb2b0:   0000000000000000 0000000000000140
0x0000007237bfb2c0:   0000000000000130 00007ff8934bb86b
0x0000007237bfb2d0:   0000000000020016 0000000000000079
0x0000007237bfb2e0:   000002302e47e120 00007ff8934bb3c7
0x0000007237bfb2f0:   0000022faeac0000 0000000000000000
0x0000007237bfb300:   0000000000000000 0000022faeac4380
0x0000007237bfb310:   0000000000000000 000002303545ed50
0x0000007237bfb320:   0000000000000000 00007ff85b642fbe
0x0000007237bfb330:   000002302e3268d0 0000007237bfb500
0x0000007237bfb340:   0000000000000000 0000000000000000
0x0000007237bfb350:   0000000000001001 00007ff85b64320b 

Instructions: (pc=0x00007ff85b6140cb)
0x00007ff85b6140ab:   44 01 00 00 00 48 83 c4 40 41 5d 5f 5b c3 cc cc
0x00007ff85b6140bb:   cc cc cc cc cc 40 53 48 83 ec 20 48 8b d9 33 d2
0x00007ff85b6140cb:   48 8b 49 40 48 8b 01 ff 50 18 48 8b 43 40 33 c9
0x00007ff85b6140db:   c7 80 34 01 00 00 01 00 00 00 48 8b 83 48 04 00 


Stack slot to memory mapping:
stack at sp + 0 slots: 0x0 is NULL
stack at sp + 1 slots: 0x0000022faeac21c0 points into unknown readable memory: c0 0c ac ae 2f 02 00 00
stack at sp + 2 slots: 0x000000000000000c is an unknown value
stack at sp + 3 slots: 0x0000022faeac0000 points into unknown readable memory: 00 00 00 00 00 00 00 00
stack at sp + 4 slots: 0x000002302e3268d0 points into unknown readable memory: 08 84 65 5c f8 7f 00 00
stack at sp + 5 slots: 0x00007ff85b693cae atio6axx.dll
stack at sp + 6 slots: 0x0000000000000140 is an unknown value
stack at sp + 7 slots: 0x0000022faeac0cc0 points into unknown readable memory: 00 00 b3 06 00 00 00 00


---------------  P R O C E S S  ---------------

Threads class SMR info:
_java_thread_list=0x0000022fe23bca70, length=23, elements={
0x0000022fd43ff800, 0x0000022fd4400800, 0x0000022fd4d18800, 0x0000022fd4d19800,
0x0000022fd4d1c800, 0x0000022fd4d22800, 0x0000022fd4cd3800, 0x0000022fd4e87800,
0x0000022fd4e8d000, 0x0000022fd4e8e000, 0x0000022fd4e99800, 0x0000022fd4ebc800,
0x0000022fd5372800, 0x0000022fd53c9800, 0x0000022fd5501800, 0x0000022fb0346000,
0x0000022fd5373000, 0x0000022fd57f8000, 0x0000022fd6ae6000, 0x0000022fd6bcc000,
0x0000022fd571c000, 0x0000022fd742c800, 0x0000022fdfb04800
}

Java Threads: ( => current thread )
  0x0000022fd43ff800 JavaThread "Reference Handler" daemon [_thread_blocked, id=19140, stack(0x0000007235c00000,0x0000007235d00000)]
  0x0000022fd4400800 JavaThread "Finalizer" daemon [_thread_blocked, id=27456, stack(0x0000007235d00000,0x0000007235e00000)]
  0x0000022fd4d18800 JavaThread "Signal Dispatcher" daemon [_thread_blocked, id=11816, stack(0x0000007235e00000,0x0000007235f00000)]
  0x0000022fd4d19800 JavaThread "Attach Listener" daemon [_thread_blocked, id=22172, stack(0x0000007235f00000,0x0000007236000000)]
  0x0000022fd4d1c800 JavaThread "C2 CompilerThread0" daemon [_thread_blocked, id=14120, stack(0x0000007236000000,0x0000007236100000)]
  0x0000022fd4d22800 JavaThread "C1 CompilerThread0" daemon [_thread_blocked, id=11856, stack(0x0000007236100000,0x0000007236200000)]
  0x0000022fd4cd3800 JavaThread "Sweeper thread" daemon [_thread_blocked, id=7932, stack(0x0000007236200000,0x0000007236300000)]
  0x0000022fd4e87800 JavaThread "JDWP Transport Listener: dt_shmem" daemon [_thread_blocked, id=18532, stack(0x0000007236300000,0x0000007236400000)]
  0x0000022fd4e8d000 JavaThread "JDWP Event Helper Thread" daemon [_thread_blocked, id=4748, stack(0x0000007236400000,0x0000007236500000)]
  0x0000022fd4e8e000 JavaThread "JDWP Command Reader" daemon [_thread_in_native, id=9184, stack(0x0000007236500000,0x0000007236600000)]
  0x0000022fd4e99800 JavaThread "Service Thread" daemon [_thread_blocked, id=17472, stack(0x0000007236600000,0x0000007236700000)]
  0x0000022fd4ebc800 JavaThread "Common-Cleaner" daemon [_thread_blocked, id=23032, stack(0x0000007236800000,0x0000007236900000)]
  0x0000022fd5372800 JavaThread "Java2D Disposer" daemon [_thread_blocked, id=11380, stack(0x0000007236b00000,0x0000007236c00000)]
  0x0000022fd53c9800 JavaThread "AWT-Windows" daemon [_thread_in_native, id=19000, stack(0x0000007236d00000,0x0000007236e00000)]
  0x0000022fd5501800 JavaThread "BlueJ worker thread" [_thread_blocked, id=27776, stack(0x0000007236f00000,0x0000007237000000)]
  0x0000022fb0346000 JavaThread "DestroyJavaVM" [_thread_blocked, id=10992, stack(0x0000007235500000,0x0000007235600000)]
  0x0000022fd5373000 JavaThread "main" [_thread_blocked, id=16320, stack(0x0000007236900000,0x0000007236a00000)]
  0x0000022fd57f8000 JavaThread "AWT-Shutdown" [_thread_blocked, id=11388, stack(0x0000007236c00000,0x0000007236d00000)]
=>0x0000022fd6ae6000 JavaThread "AWT-EventQueue-0" [_thread_in_native, id=18708, stack(0x0000007237b00000,0x0000007237c00000)]
  0x0000022fd6bcc000 JavaThread "main-SharedResourceRunner" daemon [_thread_blocked, id=18624, stack(0x0000007237d00000,0x0000007237e00000)]
  0x0000022fd571c000 JavaThread "D3D Screen Updater" daemon [_thread_blocked, id=17328, stack(0x0000007238400000,0x0000007238500000)]
  0x0000022fd742c800 JavaThread "main-AWTAnimator-1" [_thread_blocked, id=9056, stack(0x0000007238500000,0x0000007238600000)]
  0x0000022fdfb04800 JavaThread "QuantumRenderer-0" daemon [_thread_blocked, id=9912, stack(0x0000007238900000,0x0000007238a00000)]

Other Threads:
  0x0000022fd43fd800 VMThread "VM Thread" [stack: 0x0000007235b00000,0x0000007235c00000] [id=14664]
  0x0000022fd4eaa800 WatcherThread [stack: 0x0000007236700000,0x0000007236800000] [id=23880]
  0x0000022fb035b000 GCTaskThread "GC Thread#0" [stack: 0x0000007235600000,0x0000007235700000] [id=8176]
  0x0000022fd7212800 GCTaskThread "GC Thread#1" [stack: 0x0000007237c00000,0x0000007237d00000] [id=11296]
  0x0000022fd7376800 GCTaskThread "GC Thread#2" [stack: 0x0000007237e00000,0x0000007237f00000] [id=18912]
  0x0000022fd58cc800 GCTaskThread "GC Thread#3" [stack: 0x0000007237f00000,0x0000007238000000] [id=1788]
  0x0000022fdf96a800 GCTaskThread "GC Thread#4" [stack: 0x0000007238000000,0x0000007238100000] [id=19020]
  0x0000022fd74be800 GCTaskThread "GC Thread#5" [stack: 0x0000007238100000,0x0000007238200000] [id=9044]
  0x0000022fd4f9d800 GCTaskThread "GC Thread#6" [stack: 0x0000007238200000,0x0000007238300000] [id=9072]
  0x0000022fd721a800 GCTaskThread "GC Thread#7" [stack: 0x0000007238300000,0x0000007238400000] [id=8964]
  0x0000022fb03bb800 ConcurrentGCThread "G1 Main Marker" [stack: 0x0000007235700000,0x0000007235800000] [id=12800]
  0x0000022fb03be000 ConcurrentGCThread "G1 Conc#0" [stack: 0x0000007235800000,0x0000007235900000] [id=25720]
  0x0000022fd720f000 ConcurrentGCThread "G1 Conc#1" [stack: 0x0000007238600000,0x0000007238700000] [id=572]
  0x0000022fd42e3800 ConcurrentGCThread "G1 Refine#0" [stack: 0x0000007235900000,0x0000007235a00000] [id=1168]
  0x0000022fd42e4800 ConcurrentGCThread "G1 Young RemSet Sampling" [stack: 0x0000007235a00000,0x0000007235b00000] [id=20824]

Threads with active compile tasks:

VM state:not at safepoint (normal execution)

VM Mutex/Monitor currently owned by a thread: None

Heap address: 0x0000000700c00000, size: 4084 MB, Compressed Oops mode: Zero based, Oop shift amount: 3
Narrow klass base: 0x0000000800000000, Narrow klass shift: 0
Compressed class space size: 1073741824 Address: 0x0000000800000000

Heap:
 garbage-first heap   total 262144K, used 86721K [0x0000000700c00000, 0x0000000800000000)
  region size 1024K, 83 young (84992K), 3 survivors (3072K)
 Metaspace       used 24890K, capacity 25598K, committed 25856K, reserved 1073152K
  class space    used 2472K, capacity 2726K, committed 2816K, reserved 1048576K
Heap Regions: E=young(eden), S=young(survivor), O=old, HS=humongous(starts), HC=humongous(continues), CS=collection set, F=free, A=archive, TAMS=top-at-mark-start (previous, next)
|   0|0x0000000700c00000, 0x0000000700d00000, 0x0000000700d00000|100%| O|  |TAMS 0x0000000700c00000, 0x0000000700c00000| Untracked 
|   1|0x0000000700d00000, 0x0000000700e00000, 0x0000000700e00000|100%| O|  |TAMS 0x0000000700db3c00, 0x0000000700d00000| Untracked 
|   2|0x0000000700e00000, 0x0000000700e00000, 0x0000000700f00000|  0%| F|  |TAMS 0x0000000700e00000, 0x0000000700e00000| Untracked 
|   3|0x0000000700f00000, 0x0000000700f00000, 0x0000000701000000|  0%| F|  |TAMS 0x0000000700f00000, 0x0000000700f00000| Untracked 
|   4|0x0000000701000000, 0x0000000701000000, 0x0000000701100000|  0%| F|  |TAMS 0x0000000701000000, 0x0000000701000000| Untracked 
|   5|0x0000000701100000, 0x0000000701100000, 0x0000000701200000|  0%| F|  |TAMS 0x0000000701100000, 0x0000000701100000| Untracked 
|   6|0x0000000701200000, 0x0000000701200000, 0x0000000701300000|  0%| F|  |TAMS 0x0000000701200000, 0x0000000701200000| Untracked 
|   7|0x0000000701300000, 0x0000000701300000, 0x0000000701400000|  0%| F|  |TAMS 0x0000000701300000, 0x0000000701300000| Untracked 
|   8|0x0000000701400000, 0x0000000701500000, 0x0000000701500000|100%| O|  |TAMS 0x0000000701400000, 0x0000000701400000| Untracked 
|   9|0x0000000701500000, 0x000000070157f400, 0x0000000701600000| 49%| O|  |TAMS 0x0000000701500000, 0x0000000701500000| Untracked 
|  10|0x0000000701600000, 0x0000000701600000, 0x0000000701700000|  0%| F|  |TAMS 0x0000000701600000, 0x0000000701600000| Untracked 
|  11|0x0000000701700000, 0x0000000701700000, 0x0000000701800000|  0%| F|  |TAMS 0x0000000701700000, 0x0000000701700000| Untracked 
|  12|0x0000000701800000, 0x0000000701800000, 0x0000000701900000|  0%| F|  |TAMS 0x0000000701800000, 0x0000000701800000| Untracked 
|  13|0x0000000701900000, 0x0000000701900000, 0x0000000701a00000|  0%| F|  |TAMS 0x0000000701900000, 0x0000000701900000| Untracked 
|  14|0x0000000701a00000, 0x0000000701a00000, 0x0000000701b00000|  0%| F|  |TAMS 0x0000000701a00000, 0x0000000701a00000| Untracked 
|  15|0x0000000701b00000, 0x0000000701b00000, 0x0000000701c00000|  0%| F|  |TAMS 0x0000000701b00000, 0x0000000701b00000| Untracked 
|  16|0x0000000701c00000, 0x0000000701c00000, 0x0000000701d00000|  0%| F|  |TAMS 0x0000000701c00000, 0x0000000701c00000| Untracked 
|  17|0x0000000701d00000, 0x0000000701d00000, 0x0000000701e00000|  0%| F|  |TAMS 0x0000000701d00000, 0x0000000701d00000| Untracked 
|  18|0x0000000701e00000, 0x0000000701e00000, 0x0000000701f00000|  0%| F|  |TAMS 0x0000000701e00000, 0x0000000701e00000| Untracked 
|  19|0x0000000701f00000, 0x0000000701f00000, 0x0000000702000000|  0%| F|  |TAMS 0x0000000701f00000, 0x0000000701f00000| Untracked 
|  20|0x0000000702000000, 0x0000000702000000, 0x0000000702100000|  0%| F|  |TAMS 0x0000000702000000, 0x0000000702000000| Untracked 
|  21|0x0000000702100000, 0x0000000702100000, 0x0000000702200000|  0%| F|  |TAMS 0x0000000702100000, 0x0000000702100000| Untracked 
|  22|0x0000000702200000, 0x0000000702200000, 0x0000000702300000|  0%| F|  |TAMS 0x0000000702200000, 0x0000000702200000| Untracked 
|  23|0x0000000702300000, 0x0000000702300000, 0x0000000702400000|  0%| F|  |TAMS 0x0000000702300000, 0x0000000702300000| Untracked 
|  24|0x0000000702400000, 0x0000000702400000, 0x0000000702500000|  0%| F|  |TAMS 0x0000000702400000, 0x0000000702400000| Untracked 
|  25|0x0000000702500000, 0x0000000702500000, 0x0000000702600000|  0%| F|  |TAMS 0x0000000702500000, 0x0000000702500000| Untracked 
|  26|0x0000000702600000, 0x0000000702600000, 0x0000000702700000|  0%| F|  |TAMS 0x0000000702600000, 0x0000000702600000| Untracked 
|  27|0x0000000702700000, 0x0000000702700000, 0x0000000702800000|  0%| F|  |TAMS 0x0000000702700000, 0x0000000702700000| Untracked 
|  28|0x0000000702800000, 0x0000000702800000, 0x0000000702900000|  0%| F|  |TAMS 0x0000000702800000, 0x0000000702800000| Untracked 
|  29|0x0000000702900000, 0x0000000702900000, 0x0000000702a00000|  0%| F|  |TAMS 0x0000000702900000, 0x0000000702900000| Untracked 
|  30|0x0000000702a00000, 0x0000000702a00000, 0x0000000702b00000|  0%| F|  |TAMS 0x0000000702a00000, 0x0000000702a00000| Untracked 
|  31|0x0000000702b00000, 0x0000000702b00000, 0x0000000702c00000|  0%| F|  |TAMS 0x0000000702b00000, 0x0000000702b00000| Untracked 
|  32|0x0000000702c00000, 0x0000000702c00000, 0x0000000702d00000|  0%| F|  |TAMS 0x0000000702c00000, 0x0000000702c00000| Untracked 
|  33|0x0000000702d00000, 0x0000000702d00000, 0x0000000702e00000|  0%| F|  |TAMS 0x0000000702d00000, 0x0000000702d00000| Untracked 
|  34|0x0000000702e00000, 0x0000000702e00000, 0x0000000702f00000|  0%| F|  |TAMS 0x0000000702e00000, 0x0000000702e00000| Untracked 
|  35|0x0000000702f00000, 0x0000000702f00000, 0x0000000703000000|  0%| F|  |TAMS 0x0000000702f00000, 0x0000000702f00000| Untracked 
|  36|0x0000000703000000, 0x0000000703000000, 0x0000000703100000|  0%| F|  |TAMS 0x0000000703000000, 0x0000000703000000| Untracked 
|  37|0x0000000703100000, 0x0000000703100000, 0x0000000703200000|  0%| F|  |TAMS 0x0000000703100000, 0x0000000703100000| Untracked 
|  38|0x0000000703200000, 0x0000000703200000, 0x0000000703300000|  0%| F|  |TAMS 0x0000000703200000, 0x0000000703200000| Untracked 
|  39|0x0000000703300000, 0x0000000703300000, 0x0000000703400000|  0%| F|  |TAMS 0x0000000703300000, 0x0000000703300000| Untracked 
|  40|0x0000000703400000, 0x0000000703400000, 0x0000000703500000|  0%| F|  |TAMS 0x0000000703400000, 0x0000000703400000| Untracked 
|  41|0x0000000703500000, 0x0000000703500000, 0x0000000703600000|  0%| F|  |TAMS 0x0000000703500000, 0x0000000703500000| Untracked 
|  42|0x0000000703600000, 0x0000000703600000, 0x0000000703700000|  0%| F|  |TAMS 0x0000000703600000, 0x0000000703600000| Untracked 
|  43|0x0000000703700000, 0x0000000703700000, 0x0000000703800000|  0%| F|  |TAMS 0x0000000703700000, 0x0000000703700000| Untracked 
|  44|0x0000000703800000, 0x0000000703800000, 0x0000000703900000|  0%| F|  |TAMS 0x0000000703800000, 0x0000000703800000| Untracked 
|  45|0x0000000703900000, 0x0000000703900000, 0x0000000703a00000|  0%| F|  |TAMS 0x0000000703900000, 0x0000000703900000| Untracked 
|  46|0x0000000703a00000, 0x0000000703a00000, 0x0000000703b00000|  0%| F|  |TAMS 0x0000000703a00000, 0x0000000703a00000| Untracked 
|  47|0x0000000703b00000, 0x0000000703b00000, 0x0000000703c00000|  0%| F|  |TAMS 0x0000000703b00000, 0x0000000703b00000| Untracked 
|  48|0x0000000703c00000, 0x0000000703c00000, 0x0000000703d00000|  0%| F|  |TAMS 0x0000000703c00000, 0x0000000703c00000| Untracked 
|  49|0x0000000703d00000, 0x0000000703d00000, 0x0000000703e00000|  0%| F|  |TAMS 0x0000000703d00000, 0x0000000703d00000| Untracked 
|  50|0x0000000703e00000, 0x0000000703e00000, 0x0000000703f00000|  0%| F|  |TAMS 0x0000000703e00000, 0x0000000703e00000| Untracked 
|  51|0x0000000703f00000, 0x0000000703f00000, 0x0000000704000000|  0%| F|  |TAMS 0x0000000703f00000, 0x0000000703f00000| Untracked 
|  52|0x0000000704000000, 0x0000000704000000, 0x0000000704100000|  0%| F|  |TAMS 0x0000000704000000, 0x0000000704000000| Untracked 
|  53|0x0000000704100000, 0x0000000704100000, 0x0000000704200000|  0%| F|  |TAMS 0x0000000704100000, 0x0000000704100000| Untracked 
|  54|0x0000000704200000, 0x0000000704200000, 0x0000000704300000|  0%| F|  |TAMS 0x0000000704200000, 0x0000000704200000| Untracked 
|  55|0x0000000704300000, 0x0000000704300000, 0x0000000704400000|  0%| F|  |TAMS 0x0000000704300000, 0x0000000704300000| Untracked 
|  56|0x0000000704400000, 0x0000000704400000, 0x0000000704500000|  0%| F|  |TAMS 0x0000000704400000, 0x0000000704400000| Untracked 
|  57|0x0000000704500000, 0x0000000704500000, 0x0000000704600000|  0%| F|  |TAMS 0x0000000704500000, 0x0000000704500000| Untracked 
|  58|0x0000000704600000, 0x0000000704600000, 0x0000000704700000|  0%| F|  |TAMS 0x0000000704600000, 0x0000000704600000| Untracked 
|  59|0x0000000704700000, 0x0000000704700000, 0x0000000704800000|  0%| F|  |TAMS 0x0000000704700000, 0x0000000704700000| Untracked 
|  60|0x0000000704800000, 0x0000000704800000, 0x0000000704900000|  0%| F|  |TAMS 0x0000000704800000, 0x0000000704800000| Untracked 
|  61|0x0000000704900000, 0x0000000704900000, 0x0000000704a00000|  0%| F|  |TAMS 0x0000000704900000, 0x0000000704900000| Untracked 
|  62|0x0000000704a00000, 0x0000000704a00000, 0x0000000704b00000|  0%| F|  |TAMS 0x0000000704a00000, 0x0000000704a00000| Untracked 
|  63|0x0000000704b00000, 0x0000000704b00000, 0x0000000704c00000|  0%| F|  |TAMS 0x0000000704b00000, 0x0000000704b00000| Untracked 
|  64|0x0000000704c00000, 0x0000000704c00000, 0x0000000704d00000|  0%| F|  |TAMS 0x0000000704c00000, 0x0000000704c00000| Untracked 
|  65|0x0000000704d00000, 0x0000000704d00000, 0x0000000704e00000|  0%| F|  |TAMS 0x0000000704d00000, 0x0000000704d00000| Untracked 
|  66|0x0000000704e00000, 0x0000000704e00000, 0x0000000704f00000|  0%| F|  |TAMS 0x0000000704e00000, 0x0000000704e00000| Untracked 
|  67|0x0000000704f00000, 0x0000000704f00000, 0x0000000705000000|  0%| F|  |TAMS 0x0000000704f00000, 0x0000000704f00000| Untracked 
|  68|0x0000000705000000, 0x0000000705000000, 0x0000000705100000|  0%| F|  |TAMS 0x0000000705000000, 0x0000000705000000| Untracked 
|  69|0x0000000705100000, 0x0000000705100000, 0x0000000705200000|  0%| F|  |TAMS 0x0000000705100000, 0x0000000705100000| Untracked 
|  70|0x0000000705200000, 0x0000000705200000, 0x0000000705300000|  0%| F|  |TAMS 0x0000000705200000, 0x0000000705200000| Untracked 
|  71|0x0000000705300000, 0x0000000705300000, 0x0000000705400000|  0%| F|  |TAMS 0x0000000705300000, 0x0000000705300000| Untracked 
|  72|0x0000000705400000, 0x0000000705400000, 0x0000000705500000|  0%| F|  |TAMS 0x0000000705400000, 0x0000000705400000| Untracked 
|  73|0x0000000705500000, 0x0000000705500000, 0x0000000705600000|  0%| F|  |TAMS 0x0000000705500000, 0x0000000705500000| Untracked 
|  74|0x0000000705600000, 0x0000000705600000, 0x0000000705700000|  0%| F|  |TAMS 0x0000000705600000, 0x0000000705600000| Untracked 
|  75|0x0000000705700000, 0x0000000705700000, 0x0000000705800000|  0%| F|  |TAMS 0x0000000705700000, 0x0000000705700000| Untracked 
|  76|0x0000000705800000, 0x0000000705800000, 0x0000000705900000|  0%| F|  |TAMS 0x0000000705800000, 0x0000000705800000| Untracked 
|  77|0x0000000705900000, 0x0000000705900000, 0x0000000705a00000|  0%| F|  |TAMS 0x0000000705900000, 0x0000000705900000| Untracked 
|  78|0x0000000705a00000, 0x0000000705a00000, 0x0000000705b00000|  0%| F|  |TAMS 0x0000000705a00000, 0x0000000705a00000| Untracked 
|  79|0x0000000705b00000, 0x0000000705b00000, 0x0000000705c00000|  0%| F|  |TAMS 0x0000000705b00000, 0x0000000705b00000| Untracked 
|  80|0x0000000705c00000, 0x0000000705c00000, 0x0000000705d00000|  0%| F|  |TAMS 0x0000000705c00000, 0x0000000705c00000| Untracked 
|  81|0x0000000705d00000, 0x0000000705d00000, 0x0000000705e00000|  0%| F|  |TAMS 0x0000000705d00000, 0x0000000705d00000| Untracked 
|  82|0x0000000705e00000, 0x0000000705e00000, 0x0000000705f00000|  0%| F|  |TAMS 0x0000000705e00000, 0x0000000705e00000| Untracked 
|  83|0x0000000705f00000, 0x0000000705f00000, 0x0000000706000000|  0%| F|  |TAMS 0x0000000705f00000, 0x0000000705f00000| Untracked 
|  84|0x0000000706000000, 0x0000000706000000, 0x0000000706100000|  0%| F|  |TAMS 0x0000000706000000, 0x0000000706000000| Untracked 
|  85|0x0000000706100000, 0x0000000706100000, 0x0000000706200000|  0%| F|  |TAMS 0x0000000706100000, 0x0000000706100000| Untracked 
|  86|0x0000000706200000, 0x0000000706200000, 0x0000000706300000|  0%| F|  |TAMS 0x0000000706200000, 0x0000000706200000| Untracked 
|  87|0x0000000706300000, 0x0000000706300000, 0x0000000706400000|  0%| F|  |TAMS 0x0000000706300000, 0x0000000706300000| Untracked 
|  88|0x0000000706400000, 0x0000000706400000, 0x0000000706500000|  0%| F|  |TAMS 0x0000000706400000, 0x0000000706400000| Untracked 
|  89|0x0000000706500000, 0x0000000706500000, 0x0000000706600000|  0%| F|  |TAMS 0x0000000706500000, 0x0000000706500000| Untracked 
|  90|0x0000000706600000, 0x0000000706600000, 0x0000000706700000|  0%| F|  |TAMS 0x0000000706600000, 0x0000000706600000| Untracked 
|  91|0x0000000706700000, 0x0000000706700000, 0x0000000706800000|  0%| F|  |TAMS 0x0000000706700000, 0x0000000706700000| Untracked 
|  92|0x0000000706800000, 0x0000000706800000, 0x0000000706900000|  0%| F|  |TAMS 0x0000000706800000, 0x0000000706800000| Untracked 
|  93|0x0000000706900000, 0x0000000706900000, 0x0000000706a00000|  0%| F|  |TAMS 0x0000000706900000, 0x0000000706900000| Untracked 
|  94|0x0000000706a00000, 0x0000000706a00000, 0x0000000706b00000|  0%| F|  |TAMS 0x0000000706a00000, 0x0000000706a00000| Untracked 
|  95|0x0000000706b00000, 0x0000000706b00000, 0x0000000706c00000|  0%| F|  |TAMS 0x0000000706b00000, 0x0000000706b00000| Untracked 
|  96|0x0000000706c00000, 0x0000000706c00000, 0x0000000706d00000|  0%| F|  |TAMS 0x0000000706c00000, 0x0000000706c00000| Untracked 
|  97|0x0000000706d00000, 0x0000000706d00000, 0x0000000706e00000|  0%| F|  |TAMS 0x0000000706d00000, 0x0000000706d00000| Untracked 
|  98|0x0000000706e00000, 0x0000000706e00000, 0x0000000706f00000|  0%| F|  |TAMS 0x0000000706e00000, 0x0000000706e00000| Untracked 
|  99|0x0000000706f00000, 0x0000000706f00000, 0x0000000707000000|  0%| F|  |TAMS 0x0000000706f00000, 0x0000000706f00000| Untracked 
| 100|0x0000000707000000, 0x0000000707000000, 0x0000000707100000|  0%| F|  |TAMS 0x0000000707000000, 0x0000000707000000| Untracked 
| 101|0x0000000707100000, 0x0000000707100000, 0x0000000707200000|  0%| F|  |TAMS 0x0000000707100000, 0x0000000707100000| Untracked 
| 102|0x0000000707200000, 0x0000000707200000, 0x0000000707300000|  0%| F|  |TAMS 0x0000000707200000, 0x0000000707200000| Untracked 
| 103|0x0000000707300000, 0x0000000707300000, 0x0000000707400000|  0%| F|  |TAMS 0x0000000707300000, 0x0000000707300000| Untracked 
| 104|0x0000000707400000, 0x0000000707400000, 0x0000000707500000|  0%| F|  |TAMS 0x0000000707400000, 0x0000000707400000| Untracked 
| 105|0x0000000707500000, 0x0000000707500000, 0x0000000707600000|  0%| F|  |TAMS 0x0000000707500000, 0x0000000707500000| Untracked 
| 106|0x0000000707600000, 0x0000000707600000, 0x0000000707700000|  0%| F|  |TAMS 0x0000000707600000, 0x0000000707600000| Untracked 
| 107|0x0000000707700000, 0x0000000707700000, 0x0000000707800000|  0%| F|  |TAMS 0x0000000707700000, 0x0000000707700000| Untracked 
| 108|0x0000000707800000, 0x0000000707800000, 0x0000000707900000|  0%| F|  |TAMS 0x0000000707800000, 0x0000000707800000| Untracked 
| 109|0x0000000707900000, 0x0000000707900000, 0x0000000707a00000|  0%| F|  |TAMS 0x0000000707900000, 0x0000000707900000| Untracked 
| 110|0x0000000707a00000, 0x0000000707a00000, 0x0000000707b00000|  0%| F|  |TAMS 0x0000000707a00000, 0x0000000707a00000| Untracked 
| 111|0x0000000707b00000, 0x0000000707b00000, 0x0000000707c00000|  0%| F|  |TAMS 0x0000000707b00000, 0x0000000707b00000| Untracked 
| 112|0x0000000707c00000, 0x0000000707c00000, 0x0000000707d00000|  0%| F|  |TAMS 0x0000000707c00000, 0x0000000707c00000| Untracked 
| 113|0x0000000707d00000, 0x0000000707d00000, 0x0000000707e00000|  0%| F|  |TAMS 0x0000000707d00000, 0x0000000707d00000| Untracked 
| 114|0x0000000707e00000, 0x0000000707e00000, 0x0000000707f00000|  0%| F|  |TAMS 0x0000000707e00000, 0x0000000707e00000| Untracked 
| 115|0x0000000707f00000, 0x0000000707f00000, 0x0000000708000000|  0%| F|  |TAMS 0x0000000707f00000, 0x0000000707f00000| Untracked 
| 116|0x0000000708000000, 0x0000000708000000, 0x0000000708100000|  0%| F|  |TAMS 0x0000000708000000, 0x0000000708000000| Untracked 
| 117|0x0000000708100000, 0x0000000708100000, 0x0000000708200000|  0%| F|  |TAMS 0x0000000708100000, 0x0000000708100000| Untracked 
| 118|0x0000000708200000, 0x0000000708200000, 0x0000000708300000|  0%| F|  |TAMS 0x0000000708200000, 0x0000000708200000| Untracked 
| 119|0x0000000708300000, 0x0000000708300000, 0x0000000708400000|  0%| F|  |TAMS 0x0000000708300000, 0x0000000708300000| Untracked 
| 120|0x0000000708400000, 0x0000000708400000, 0x0000000708500000|  0%| F|  |TAMS 0x0000000708400000, 0x0000000708400000| Untracked 
| 121|0x0000000708500000, 0x0000000708500000, 0x0000000708600000|  0%| F|  |TAMS 0x0000000708500000, 0x0000000708500000| Untracked 
| 122|0x0000000708600000, 0x0000000708600000, 0x0000000708700000|  0%| F|  |TAMS 0x0000000708600000, 0x0000000708600000| Untracked 
| 123|0x0000000708700000, 0x0000000708700000, 0x0000000708800000|  0%| F|  |TAMS 0x0000000708700000, 0x0000000708700000| Untracked 
| 124|0x0000000708800000, 0x0000000708800000, 0x0000000708900000|  0%| F|  |TAMS 0x0000000708800000, 0x0000000708800000| Untracked 
| 125|0x0000000708900000, 0x0000000708900000, 0x0000000708a00000|  0%| F|  |TAMS 0x0000000708900000, 0x0000000708900000| Untracked 
| 126|0x0000000708a00000, 0x0000000708a00000, 0x0000000708b00000|  0%| F|  |TAMS 0x0000000708a00000, 0x0000000708a00000| Untracked 
| 127|0x0000000708b00000, 0x0000000708b00000, 0x0000000708c00000|  0%| F|  |TAMS 0x0000000708b00000, 0x0000000708b00000| Untracked 
| 128|0x0000000708c00000, 0x0000000708c00000, 0x0000000708d00000|  0%| F|  |TAMS 0x0000000708c00000, 0x0000000708c00000| Untracked 
| 129|0x0000000708d00000, 0x0000000708d00000, 0x0000000708e00000|  0%| F|  |TAMS 0x0000000708d00000, 0x0000000708d00000| Untracked 
| 130|0x0000000708e00000, 0x0000000708e00000, 0x0000000708f00000|  0%| F|  |TAMS 0x0000000708e00000, 0x0000000708e00000| Untracked 
| 131|0x0000000708f00000, 0x0000000708f00000, 0x0000000709000000|  0%| F|  |TAMS 0x0000000708f00000, 0x0000000708f00000| Untracked 
| 132|0x0000000709000000, 0x0000000709000000, 0x0000000709100000|  0%| F|  |TAMS 0x0000000709000000, 0x0000000709000000| Untracked 
| 133|0x0000000709100000, 0x0000000709100000, 0x0000000709200000|  0%| F|  |TAMS 0x0000000709100000, 0x0000000709100000| Untracked 
| 134|0x0000000709200000, 0x0000000709200000, 0x0000000709300000|  0%| F|  |TAMS 0x0000000709200000, 0x0000000709200000| Untracked 
| 135|0x0000000709300000, 0x0000000709300000, 0x0000000709400000|  0%| F|  |TAMS 0x0000000709300000, 0x0000000709300000| Untracked 
| 136|0x0000000709400000, 0x0000000709400000, 0x0000000709500000|  0%| F|  |TAMS 0x0000000709400000, 0x0000000709400000| Untracked 
| 137|0x0000000709500000, 0x0000000709500000, 0x0000000709600000|  0%| F|  |TAMS 0x0000000709500000, 0x0000000709500000| Untracked 
| 138|0x0000000709600000, 0x0000000709600000, 0x0000000709700000|  0%| F|  |TAMS 0x0000000709600000, 0x0000000709600000| Untracked 
| 139|0x0000000709700000, 0x0000000709700000, 0x0000000709800000|  0%| F|  |TAMS 0x0000000709700000, 0x0000000709700000| Untracked 
| 140|0x0000000709800000, 0x0000000709800000, 0x0000000709900000|  0%| F|  |TAMS 0x0000000709800000, 0x0000000709800000| Untracked 
| 141|0x0000000709900000, 0x0000000709900000, 0x0000000709a00000|  0%| F|  |TAMS 0x0000000709900000, 0x0000000709900000| Untracked 
| 142|0x0000000709a00000, 0x0000000709a00000, 0x0000000709b00000|  0%| F|  |TAMS 0x0000000709a00000, 0x0000000709a00000| Untracked 
| 143|0x0000000709b00000, 0x0000000709b00000, 0x0000000709c00000|  0%| F|  |TAMS 0x0000000709b00000, 0x0000000709b00000| Untracked 
| 144|0x0000000709c00000, 0x0000000709c00000, 0x0000000709d00000|  0%| F|  |TAMS 0x0000000709c00000, 0x0000000709c00000| Untracked 
| 145|0x0000000709d00000, 0x0000000709d00000, 0x0000000709e00000|  0%| F|  |TAMS 0x0000000709d00000, 0x0000000709d00000| Untracked 
| 146|0x0000000709e00000, 0x0000000709e00000, 0x0000000709f00000|  0%| F|  |TAMS 0x0000000709e00000, 0x0000000709e00000| Untracked 
| 147|0x0000000709f00000, 0x0000000709f00000, 0x000000070a000000|  0%| F|  |TAMS 0x0000000709f00000, 0x0000000709f00000| Untracked 
| 148|0x000000070a000000, 0x000000070a000000, 0x000000070a100000|  0%| F|  |TAMS 0x000000070a000000, 0x000000070a000000| Untracked 
| 149|0x000000070a100000, 0x000000070a100000, 0x000000070a200000|  0%| F|  |TAMS 0x000000070a100000, 0x000000070a100000| Untracked 
| 150|0x000000070a200000, 0x000000070a200000, 0x000000070a300000|  0%| F|  |TAMS 0x000000070a200000, 0x000000070a200000| Untracked 
| 151|0x000000070a300000, 0x000000070a300000, 0x000000070a400000|  0%| F|  |TAMS 0x000000070a300000, 0x000000070a300000| Untracked 
| 152|0x000000070a400000, 0x000000070a400000, 0x000000070a500000|  0%| F|  |TAMS 0x000000070a400000, 0x000000070a400000| Untracked 
| 153|0x000000070a500000, 0x000000070a500000, 0x000000070a600000|  0%| F|  |TAMS 0x000000070a500000, 0x000000070a500000| Untracked 
| 154|0x000000070a600000, 0x000000070a600000, 0x000000070a700000|  0%| F|  |TAMS 0x000000070a600000, 0x000000070a600000| Untracked 
| 155|0x000000070a700000, 0x000000070a700000, 0x000000070a800000|  0%| F|  |TAMS 0x000000070a700000, 0x000000070a700000| Untracked 
| 156|0x000000070a800000, 0x000000070a800000, 0x000000070a900000|  0%| F|  |TAMS 0x000000070a800000, 0x000000070a800000| Untracked 
| 157|0x000000070a900000, 0x000000070a900000, 0x000000070aa00000|  0%| F|  |TAMS 0x000000070a900000, 0x000000070a900000| Untracked 
| 158|0x000000070aa00000, 0x000000070aa00000, 0x000000070ab00000|  0%| F|  |TAMS 0x000000070aa00000, 0x000000070aa00000| Untracked 
| 159|0x000000070ab00000, 0x000000070ab00000, 0x000000070ac00000|  0%| F|  |TAMS 0x000000070ab00000, 0x000000070ab00000| Untracked 
| 160|0x000000070ac00000, 0x000000070ac00000, 0x000000070ad00000|  0%| F|  |TAMS 0x000000070ac00000, 0x000000070ac00000| Untracked 
| 161|0x000000070ad00000, 0x000000070ad00000, 0x000000070ae00000|  0%| F|  |TAMS 0x000000070ad00000, 0x000000070ad00000| Untracked 
| 162|0x000000070ae00000, 0x000000070ae00000, 0x000000070af00000|  0%| F|  |TAMS 0x000000070ae00000, 0x000000070ae00000| Untracked 
| 163|0x000000070af00000, 0x000000070af00000, 0x000000070b000000|  0%| F|  |TAMS 0x000000070af00000, 0x000000070af00000| Untracked 
| 164|0x000000070b000000, 0x000000070b000000, 0x000000070b100000|  0%| F|  |TAMS 0x000000070b000000, 0x000000070b000000| Untracked 
| 165|0x000000070b100000, 0x000000070b100000, 0x000000070b200000|  0%| F|  |TAMS 0x000000070b100000, 0x000000070b100000| Untracked 
| 166|0x000000070b200000, 0x000000070b200000, 0x000000070b300000|  0%| F|  |TAMS 0x000000070b200000, 0x000000070b200000| Untracked 
| 167|0x000000070b300000, 0x000000070b300000, 0x000000070b400000|  0%| F|  |TAMS 0x000000070b300000, 0x000000070b300000| Untracked 
| 168|0x000000070b400000, 0x000000070b400000, 0x000000070b500000|  0%| F|  |TAMS 0x000000070b400000, 0x000000070b400000| Untracked 
| 169|0x000000070b500000, 0x000000070b500000, 0x000000070b600000|  0%| F|  |TAMS 0x000000070b500000, 0x000000070b500000| Untracked 
| 170|0x000000070b600000, 0x000000070b600000, 0x000000070b700000|  0%| F|  |TAMS 0x000000070b600000, 0x000000070b600000| Untracked 
| 171|0x000000070b700000, 0x000000070b700000, 0x000000070b800000|  0%| F|  |TAMS 0x000000070b700000, 0x000000070b700000| Untracked 
| 172|0x000000070b800000, 0x000000070b800000, 0x000000070b900000|  0%| F|  |TAMS 0x000000070b800000, 0x000000070b800000| Untracked 
| 173|0x000000070b900000, 0x000000070ba00000, 0x000000070ba00000|100%| E|  |TAMS 0x000000070b900000, 0x000000070b900000| Complete 
| 174|0x000000070ba00000, 0x000000070bb00000, 0x000000070bb00000|100%| E|CS|TAMS 0x000000070ba00000, 0x000000070ba00000| Complete 
| 175|0x000000070bb00000, 0x000000070bc00000, 0x000000070bc00000|100%| E|CS|TAMS 0x000000070bb00000, 0x000000070bb00000| Complete 
| 176|0x000000070bc00000, 0x000000070bd00000, 0x000000070bd00000|100%| E|CS|TAMS 0x000000070bc00000, 0x000000070bc00000| Complete 
| 177|0x000000070bd00000, 0x000000070be00000, 0x000000070be00000|100%| E|CS|TAMS 0x000000070bd00000, 0x000000070bd00000| Complete 
| 178|0x000000070be00000, 0x000000070bf00000, 0x000000070bf00000|100%| E|CS|TAMS 0x000000070be00000, 0x000000070be00000| Complete 
| 179|0x000000070bf00000, 0x000000070c000000, 0x000000070c000000|100%| E|CS|TAMS 0x000000070bf00000, 0x000000070bf00000| Complete 
| 180|0x000000070c000000, 0x000000070c100000, 0x000000070c100000|100%| E|CS|TAMS 0x000000070c000000, 0x000000070c000000| Complete 
| 181|0x000000070c100000, 0x000000070c200000, 0x000000070c200000|100%| E|CS|TAMS 0x000000070c100000, 0x000000070c100000| Complete 
| 182|0x000000070c200000, 0x000000070c300000, 0x000000070c300000|100%| E|CS|TAMS 0x000000070c200000, 0x000000070c200000| Complete 
| 183|0x000000070c300000, 0x000000070c400000, 0x000000070c400000|100%| E|CS|TAMS 0x000000070c300000, 0x000000070c300000| Complete 
| 184|0x000000070c400000, 0x000000070c500000, 0x000000070c500000|100%| E|CS|TAMS 0x000000070c400000, 0x000000070c400000| Complete 
| 185|0x000000070c500000, 0x000000070c531080, 0x000000070c600000| 19%| S|CS|TAMS 0x000000070c500000, 0x000000070c500000| Complete 
| 186|0x000000070c600000, 0x000000070c700000, 0x000000070c700000|100%| S|CS|TAMS 0x000000070c600000, 0x000000070c600000| Complete 
| 187|0x000000070c700000, 0x000000070c800000, 0x000000070c800000|100%| S|CS|TAMS 0x000000070c700000, 0x000000070c700000| Complete 
| 188|0x000000070c800000, 0x000000070c900000, 0x000000070c900000|100%| E|CS|TAMS 0x000000070c800000, 0x000000070c800000| Complete 
| 189|0x000000070c900000, 0x000000070ca00000, 0x000000070ca00000|100%| E|CS|TAMS 0x000000070c900000, 0x000000070c900000| Complete 
| 190|0x000000070ca00000, 0x000000070cb00000, 0x000000070cb00000|100%| E|CS|TAMS 0x000000070ca00000, 0x000000070ca00000| Complete 
| 191|0x000000070cb00000, 0x000000070cc00000, 0x000000070cc00000|100%| E|CS|TAMS 0x000000070cb00000, 0x000000070cb00000| Complete 
| 192|0x000000070cc00000, 0x000000070cd00000, 0x000000070cd00000|100%| E|CS|TAMS 0x000000070cc00000, 0x000000070cc00000| Complete 
| 193|0x000000070cd00000, 0x000000070ce00000, 0x000000070ce00000|100%| E|CS|TAMS 0x000000070cd00000, 0x000000070cd00000| Complete 
| 194|0x000000070ce00000, 0x000000070cf00000, 0x000000070cf00000|100%| E|CS|TAMS 0x000000070ce00000, 0x000000070ce00000| Complete 
| 195|0x000000070cf00000, 0x000000070d000000, 0x000000070d000000|100%| E|CS|TAMS 0x000000070cf00000, 0x000000070cf00000| Complete 
| 196|0x000000070d000000, 0x000000070d100000, 0x000000070d100000|100%| E|CS|TAMS 0x000000070d000000, 0x000000070d000000| Complete 
| 197|0x000000070d100000, 0x000000070d200000, 0x000000070d200000|100%| E|CS|TAMS 0x000000070d100000, 0x000000070d100000| Complete 
| 198|0x000000070d200000, 0x000000070d300000, 0x000000070d300000|100%| E|CS|TAMS 0x000000070d200000, 0x000000070d200000| Complete 
| 199|0x000000070d300000, 0x000000070d400000, 0x000000070d400000|100%| E|CS|TAMS 0x000000070d300000, 0x000000070d300000| Complete 
| 200|0x000000070d400000, 0x000000070d500000, 0x000000070d500000|100%| E|CS|TAMS 0x000000070d400000, 0x000000070d400000| Complete 
| 201|0x000000070d500000, 0x000000070d600000, 0x000000070d600000|100%| E|CS|TAMS 0x000000070d500000, 0x000000070d500000| Complete 
| 202|0x000000070d600000, 0x000000070d700000, 0x000000070d700000|100%| E|CS|TAMS 0x000000070d600000, 0x000000070d600000| Complete 
| 203|0x000000070d700000, 0x000000070d800000, 0x000000070d800000|100%| E|CS|TAMS 0x000000070d700000, 0x000000070d700000| Complete 
| 204|0x000000070d800000, 0x000000070d900000, 0x000000070d900000|100%| E|CS|TAMS 0x000000070d800000, 0x000000070d800000| Complete 
| 205|0x000000070d900000, 0x000000070da00000, 0x000000070da00000|100%| E|CS|TAMS 0x000000070d900000, 0x000000070d900000| Complete 
| 206|0x000000070da00000, 0x000000070db00000, 0x000000070db00000|100%| E|CS|TAMS 0x000000070da00000, 0x000000070da00000| Complete 
| 207|0x000000070db00000, 0x000000070dc00000, 0x000000070dc00000|100%| E|CS|TAMS 0x000000070db00000, 0x000000070db00000| Complete 
| 208|0x000000070dc00000, 0x000000070dd00000, 0x000000070dd00000|100%| E|CS|TAMS 0x000000070dc00000, 0x000000070dc00000| Complete 
| 209|0x000000070dd00000, 0x000000070de00000, 0x000000070de00000|100%| E|CS|TAMS 0x000000070dd00000, 0x000000070dd00000| Complete 
| 210|0x000000070de00000, 0x000000070df00000, 0x000000070df00000|100%| E|CS|TAMS 0x000000070de00000, 0x000000070de00000| Complete 
| 211|0x000000070df00000, 0x000000070e000000, 0x000000070e000000|100%| E|CS|TAMS 0x000000070df00000, 0x000000070df00000| Complete 
| 212|0x000000070e000000, 0x000000070e100000, 0x000000070e100000|100%| E|CS|TAMS 0x000000070e000000, 0x000000070e000000| Complete 
| 213|0x000000070e100000, 0x000000070e200000, 0x000000070e200000|100%| E|CS|TAMS 0x000000070e100000, 0x000000070e100000| Complete 
| 214|0x000000070e200000, 0x000000070e300000, 0x000000070e300000|100%| E|CS|TAMS 0x000000070e200000, 0x000000070e200000| Complete 
| 215|0x000000070e300000, 0x000000070e400000, 0x000000070e400000|100%| E|CS|TAMS 0x000000070e300000, 0x000000070e300000| Complete 
| 216|0x000000070e400000, 0x000000070e500000, 0x000000070e500000|100%| E|CS|TAMS 0x000000070e400000, 0x000000070e400000| Complete 
| 217|0x000000070e500000, 0x000000070e600000, 0x000000070e600000|100%| E|CS|TAMS 0x000000070e500000, 0x000000070e500000| Complete 
| 218|0x000000070e600000, 0x000000070e700000, 0x000000070e700000|100%| E|CS|TAMS 0x000000070e600000, 0x000000070e600000| Complete 
| 219|0x000000070e700000, 0x000000070e800000, 0x000000070e800000|100%| E|CS|TAMS 0x000000070e700000, 0x000000070e700000| Complete 
| 220|0x000000070e800000, 0x000000070e900000, 0x000000070e900000|100%| E|CS|TAMS 0x000000070e800000, 0x000000070e800000| Complete 
| 221|0x000000070e900000, 0x000000070ea00000, 0x000000070ea00000|100%| E|CS|TAMS 0x000000070e900000, 0x000000070e900000| Complete 
| 222|0x000000070ea00000, 0x000000070eb00000, 0x000000070eb00000|100%| E|CS|TAMS 0x000000070ea00000, 0x000000070ea00000| Complete 
| 223|0x000000070eb00000, 0x000000070ec00000, 0x000000070ec00000|100%| E|CS|TAMS 0x000000070eb00000, 0x000000070eb00000| Complete 
| 224|0x000000070ec00000, 0x000000070ed00000, 0x000000070ed00000|100%| E|CS|TAMS 0x000000070ec00000, 0x000000070ec00000| Complete 
| 225|0x000000070ed00000, 0x000000070ee00000, 0x000000070ee00000|100%| E|CS|TAMS 0x000000070ed00000, 0x000000070ed00000| Complete 
| 226|0x000000070ee00000, 0x000000070ef00000, 0x000000070ef00000|100%| E|CS|TAMS 0x000000070ee00000, 0x000000070ee00000| Complete 
| 227|0x000000070ef00000, 0x000000070f000000, 0x000000070f000000|100%| E|CS|TAMS 0x000000070ef00000, 0x000000070ef00000| Complete 
| 228|0x000000070f000000, 0x000000070f100000, 0x000000070f100000|100%| E|CS|TAMS 0x000000070f000000, 0x000000070f000000| Complete 
| 229|0x000000070f100000, 0x000000070f200000, 0x000000070f200000|100%| E|CS|TAMS 0x000000070f100000, 0x000000070f100000| Complete 
| 230|0x000000070f200000, 0x000000070f300000, 0x000000070f300000|100%| E|CS|TAMS 0x000000070f200000, 0x000000070f200000| Complete 
| 231|0x000000070f300000, 0x000000070f400000, 0x000000070f400000|100%| E|CS|TAMS 0x000000070f300000, 0x000000070f300000| Complete 
| 232|0x000000070f400000, 0x000000070f500000, 0x000000070f500000|100%| E|CS|TAMS 0x000000070f400000, 0x000000070f400000| Complete 
| 233|0x000000070f500000, 0x000000070f600000, 0x000000070f600000|100%| E|CS|TAMS 0x000000070f500000, 0x000000070f500000| Complete 
| 234|0x000000070f600000, 0x000000070f700000, 0x000000070f700000|100%| E|CS|TAMS 0x000000070f600000, 0x000000070f600000| Complete 
| 235|0x000000070f700000, 0x000000070f800000, 0x000000070f800000|100%| E|CS|TAMS 0x000000070f700000, 0x000000070f700000| Complete 
| 236|0x000000070f800000, 0x000000070f900000, 0x000000070f900000|100%| E|CS|TAMS 0x000000070f800000, 0x000000070f800000| Complete 
| 237|0x000000070f900000, 0x000000070fa00000, 0x000000070fa00000|100%| E|CS|TAMS 0x000000070f900000, 0x000000070f900000| Complete 
| 238|0x000000070fa00000, 0x000000070fb00000, 0x000000070fb00000|100%| E|CS|TAMS 0x000000070fa00000, 0x000000070fa00000| Complete 
| 239|0x000000070fb00000, 0x000000070fc00000, 0x000000070fc00000|100%| E|CS|TAMS 0x000000070fb00000, 0x000000070fb00000| Complete 
| 240|0x000000070fc00000, 0x000000070fd00000, 0x000000070fd00000|100%| E|CS|TAMS 0x000000070fc00000, 0x000000070fc00000| Complete 
| 241|0x000000070fd00000, 0x000000070fe00000, 0x000000070fe00000|100%| E|CS|TAMS 0x000000070fd00000, 0x000000070fd00000| Complete 
| 242|0x000000070fe00000, 0x000000070ff00000, 0x000000070ff00000|100%| E|CS|TAMS 0x000000070fe00000, 0x000000070fe00000| Complete 
| 243|0x000000070ff00000, 0x0000000710000000, 0x0000000710000000|100%| E|CS|TAMS 0x000000070ff00000, 0x000000070ff00000| Complete 
| 244|0x0000000710000000, 0x0000000710100000, 0x0000000710100000|100%| E|CS|TAMS 0x0000000710000000, 0x0000000710000000| Complete 
| 245|0x0000000710100000, 0x0000000710200000, 0x0000000710200000|100%| E|CS|TAMS 0x0000000710100000, 0x0000000710100000| Complete 
| 246|0x0000000710200000, 0x0000000710300000, 0x0000000710300000|100%| E|CS|TAMS 0x0000000710200000, 0x0000000710200000| Complete 
| 247|0x0000000710300000, 0x0000000710400000, 0x0000000710400000|100%| E|CS|TAMS 0x0000000710300000, 0x0000000710300000| Complete 
| 248|0x0000000710400000, 0x0000000710500000, 0x0000000710500000|100%| E|CS|TAMS 0x0000000710400000, 0x0000000710400000| Complete 
| 249|0x0000000710500000, 0x0000000710600000, 0x0000000710600000|100%| E|CS|TAMS 0x0000000710500000, 0x0000000710500000| Complete 
| 250|0x0000000710600000, 0x0000000710700000, 0x0000000710700000|100%| E|CS|TAMS 0x0000000710600000, 0x0000000710600000| Complete 
| 251|0x0000000710700000, 0x0000000710800000, 0x0000000710800000|100%| E|CS|TAMS 0x0000000710700000, 0x0000000710700000| Complete 
| 252|0x0000000710800000, 0x0000000710900000, 0x0000000710900000|100%| E|CS|TAMS 0x0000000710800000, 0x0000000710800000| Complete 
| 253|0x0000000710900000, 0x0000000710a00000, 0x0000000710a00000|100%| E|CS|TAMS 0x0000000710900000, 0x0000000710900000| Complete 
| 254|0x0000000710a00000, 0x0000000710b00000, 0x0000000710b00000|100%| E|CS|TAMS 0x0000000710a00000, 0x0000000710a00000| Complete 
| 255|0x0000000710b00000, 0x0000000710c00000, 0x0000000710c00000|100%| E|CS|TAMS 0x0000000710b00000, 0x0000000710b00000| Complete 

Card table byte_map: [0x0000022fc88f0000,0x0000022fc90f0000] _byte_map_base: 0x0000022fc50ea000

Marking Bits (Prev, Next): (CMBitMap*) 0x0000022fb03aad10, (CMBitMap*) 0x0000022fb03aacd8
 Prev Bits: [0x0000022fcd8c0000, 0x0000022fd1890000)
 Next Bits: [0x0000022fc98f0000, 0x0000022fcd8c0000)

Polling page: 0x0000022fb0300000

Metaspace:

Usage:
  Non-class:     22.34 MB capacity,    21.89 MB ( 98%) used,   384.53 KB (  2%) free+waste,    69.63 KB ( <1%) overhead. 
      Class:      2.66 MB capacity,     2.41 MB ( 91%) used,   219.43 KB (  8%) free+waste,    34.00 KB (  1%) overhead. 
       Both:     25.00 MB capacity,    24.31 MB ( 97%) used,   603.96 KB (  2%) free+waste,   103.63 KB ( <1%) overhead. 

Virtual space:
  Non-class space:       24.00 MB reserved,      22.50 MB ( 94%) committed 
      Class space:        1.00 GB reserved,       2.75 MB ( <1%) committed 
             Both:        1.02 GB reserved,      25.25 MB (  2%) committed 

Chunk freelists:
   Non-Class:  5.00 KB
       Class:  0 bytes
        Both:  5.00 KB

CodeHeap 'non-profiled nmethods': size=120000Kb used=1875Kb max_used=1875Kb free=118125Kb
 bounds [0x0000022fc0140000, 0x0000022fc03b0000, 0x0000022fc7670000]
CodeHeap 'profiled nmethods': size=120000Kb used=5141Kb max_used=5185Kb free=114858Kb
 bounds [0x0000022fb8c10000, 0x0000022fb9130000, 0x0000022fc0140000]
CodeHeap 'non-nmethods': size=5760Kb used=1501Kb max_used=1550Kb free=4258Kb
 bounds [0x0000022fb8670000, 0x0000022fb88e0000, 0x0000022fb8c10000]
 total_blobs=4235 nmethods=2506 adapters=805
 compilation: enabled
              stopped_count=0, restarted_count=0
 full_count=0

Compilation events (10 events):
Event: 169.437 Thread 0x0000022fd4d1c800 2574   !   4       java.awt.EventQueue::setCurrentEventAndMostRecentTimeImpl (191 bytes)
Event: 169.445 Thread 0x0000022fd4d1c800 nmethod 2574 0x0000022fc0311210 code [0x0000022fc0311420, 0x0000022fc0311d78]
Event: 169.472 Thread 0x0000022fd4d1c800 2575       4       java.awt.EventQueue$4::run (5 bytes)
Event: 169.484 Thread 0x0000022fd4d1c800 nmethod 2575 0x0000022fc0312390 code [0x0000022fc0312620, 0x0000022fc0313570]
Event: 170.242 Thread 0x0000022fd4d1c800 2576       4       java.awt.EventQueue::getNextEventPrivate (76 bytes)
Event: 170.249 Thread 0x0000022fd4d1c800 nmethod 2576 0x0000022fc0313d90 code [0x0000022fc0313f40, 0x0000022fc0314558]
Event: 173.427 Thread 0x0000022fd4d1c800 2577       4       java.awt.EventQueue::eventToCacheIndex (80 bytes)
Event: 173.427 Thread 0x0000022fd4d1c800 nmethod 2577 0x0000022fc0314890 code [0x0000022fc0314a20, 0x0000022fc0314b18]
Event: 181.402 Thread 0x0000022fd4d22800 2578       3       java.awt.Component::getCursor_NoClientCode (30 bytes)
Event: 181.403 Thread 0x0000022fd4d22800 nmethod 2578 0x0000022fb8ccfa10 code [0x0000022fb8ccfc00, 0x0000022fb8ccffd0]

GC Heap History (8 events):
Event: 15.893 GC heap before
{Heap before GC invocations=0 (full 0):
 garbage-first heap   total 262144K, used 24576K [0x0000000700c00000, 0x0000000800000000)
  region size 1024K, 24 young (24576K), 0 survivors (0K)
 Metaspace       used 16408K, capacity 16830K, committed 17024K, reserved 1064960K
  class space    used 1470K, capacity 1629K, committed 1664K, reserved 1048576K
}
Event: 15.898 GC heap after
{Heap after GC invocations=1 (full 0):
 garbage-first heap   total 262144K, used 3791K [0x0000000700c00000, 0x0000000800000000)
  region size 1024K, 3 young (3072K), 3 survivors (3072K)
 Metaspace       used 16408K, capacity 16830K, committed 17024K, reserved 1064960K
  class space    used 1470K, capacity 1629K, committed 1664K, reserved 1048576K
}
Event: 16.051 GC heap before
{Heap before GC invocations=1 (full 0):
 garbage-first heap   total 262144K, used 9935K [0x0000000700c00000, 0x0000000800000000)
  region size 1024K, 10 young (10240K), 3 survivors (3072K)
 Metaspace       used 20704K, capacity 21205K, committed 21248K, reserved 1069056K
  class space    used 2068K, capacity 2263K, committed 2304K, reserved 1048576K
}
Event: 16.056 GC heap after
{Heap after GC invocations=2 (full 0):
 garbage-first heap   total 262144K, used 4404K [0x0000000700c00000, 0x0000000800000000)
  region size 1024K, 4 young (4096K), 4 survivors (4096K)
 Metaspace       used 20704K, capacity 21205K, committed 21248K, reserved 1069056K
  class space    used 2068K, capacity 2263K, committed 2304K, reserved 1048576K
}
Event: 16.460 GC heap before
{Heap before GC invocations=3 (full 0):
 garbage-first heap   total 262144K, used 25908K [0x0000000700c00000, 0x0000000800000000)
  region size 1024K, 19 young (19456K), 4 survivors (4096K)
 Metaspace       used 24083K, capacity 24734K, committed 24832K, reserved 1071104K
  class space    used 2449K, capacity 2720K, committed 2816K, reserved 1048576K
}
Event: 16.464 GC heap after
{Heap after GC invocations=4 (full 0):
 garbage-first heap   total 262144K, used 5685K [0x0000000700c00000, 0x0000000800000000)
  region size 1024K, 3 young (3072K), 3 survivors (3072K)
 Metaspace       used 24083K, capacity 24734K, committed 24832K, reserved 1071104K
  class space    used 2449K, capacity 2720K, committed 2816K, reserved 1048576K
}
Event: 19.255 GC heap before
{Heap before GC invocations=4 (full 0):
 garbage-first heap   total 262144K, used 72245K [0x0000000700c00000, 0x0000000800000000)
  region size 1024K, 68 young (69632K), 3 survivors (3072K)
 Metaspace       used 24661K, capacity 25393K, committed 25600K, reserved 1073152K
  class space    used 2472K, capacity 2726K, committed 2816K, reserved 1048576K
}
Event: 19.257 GC heap after
{Heap after GC invocations=5 (full 0):
 garbage-first heap   total 262144K, used 5825K [0x0000000700c00000, 0x0000000800000000)
  region size 1024K, 3 young (3072K), 3 survivors (3072K)
 Metaspace       used 24661K, capacity 25393K, committed 25600K, reserved 1073152K
  class space    used 2472K, capacity 2726K, committed 2816K, reserved 1048576K
}

Deoptimization events (10 events):
Event: 168.953 Thread 0x0000022fd6ae6000 Uncommon trap: reason=class_check action=maybe_recompile pc=0x0000022fc02daee8 method=java.awt.EventQueue.dispatchEventImpl(Ljava/awt/AWTEvent;Ljava/lang/Object;)V @ 18 c2
Event: 168.954 Thread 0x0000022fd6ae6000 Uncommon trap: reason=class_check action=maybe_recompile pc=0x0000022fc030cd58 method=java.awt.EventQueue.getAccessControlContextFrom(Ljava/lang/Object;)Ljava/security/AccessControlContext; @ 8 c2
Event: 168.954 Thread 0x0000022fd6ae6000 Uncommon trap: reason=class_check action=maybe_recompile pc=0x0000022fc02daec4 method=java.awt.EventQueue.dispatchEventImpl(Ljava/awt/AWTEvent;Ljava/lang/Object;)V @ 30 c2
Event: 168.954 Thread 0x0000022fd6ae6000 Uncommon trap: reason=class_check action=maybe_recompile pc=0x0000022fc030a2b0 method=java.awt.EventQueue.setCurrentEventAndMostRecentTimeImpl(Ljava/awt/AWTEvent;)V @ 134 c2
Event: 168.954 Thread 0x0000022fd6ae6000 Uncommon trap: reason=class_check action=maybe_recompile pc=0x0000022fc030cd58 method=java.awt.EventQueue.getAccessControlContextFrom(Ljava/lang/Object;)Ljava/security/AccessControlContext; @ 8 c2
Event: 168.954 Thread 0x0000022fd6ae6000 Uncommon trap: reason=class_check action=maybe_recompile pc=0x0000022fc02daec4 method=java.awt.EventQueue.dispatchEventImpl(Ljava/awt/AWTEvent;Ljava/lang/Object;)V @ 30 c2
Event: 181.301 Thread 0x0000022fd53c9800 Uncommon trap: reason=class_check action=maybe_recompile pc=0x0000022fc02eb9a4 method=sun.awt.SunToolkit.getAppContext(Ljava/lang/Object;)Lsun/awt/AppContext; @ 11 c2
Event: 181.349 Thread 0x0000022fd6ae6000 Uncommon trap: reason=class_check action=maybe_recompile pc=0x0000022fc030420c method=java.awt.EventQueue.coalesceEvent(Ljava/awt/AWTEvent;I)Z @ 32 c2
Event: 181.349 Thread 0x0000022fd6ae6000 Uncommon trap: reason=class_check action=maybe_recompile pc=0x0000022fc031451c method=java.awt.EventQueue.uncacheEQItem(Lsun/awt/EventQueueItem;)V @ 20 c2
Event: 181.349 Thread 0x0000022fd6ae6000 Uncommon trap: reason=class_check action=maybe_recompile pc=0x0000022fc030cd58 method=java.awt.EventQueue.getAccessControlContextFrom(Ljava/lang/Object;)Ljava/security/AccessControlContext; @ 8 c2

Classes redefined (0 events):
No events

Internal exceptions (10 events):
Event: 16.067 Thread 0x0000022fd6ae6000 Exception <a 'java/lang/NoSuchMethodError'{0x0000000710bd33e0}: java.lang.invoke.DirectMethodHandle$Holder.invokeStatic(Ljava/lang/Object;Ljava/lang/Object;Ljava/lang/Object;Ljava/lang/Object;Ljava/lang/Object;Ljava/lang/Object;Ljava/lang/Object;Ljava/lan
Event: 16.083 Thread 0x0000022fd6ae6000 Exception <a 'java/lang/NoSuchMethodError'{0x0000000710a97770}: java.lang.invoke.DirectMethodHandle$Holder.invokeStaticInit(Ljava/lang/Object;Ljava/lang/Object;Ljava/lang/Object;)Ljava/lang/Object;> (0x0000000710a97770) thrown at [t:/workspace/open/src/ho
Event: 16.114 Thread 0x0000022fd6ae6000 Exception <a 'java/lang/NoSuchMethodError'{0x000000071085ae18}: java.lang.invoke.DirectMethodHandle$Holder.invokeStatic(Ljava/lang/Object;J)V> (0x000000071085ae18) thrown at [t:/workspace/open/src/hotspot/share/interpreter/linkResolver.cpp, line 772]
Event: 16.115 Thread 0x0000022fd6ae6000 Exception <a 'java/lang/NoSuchMethodError'{0x0000000710860028}: java.lang.invoke.DirectMethodHandle$Holder.invokeStatic(Ljava/lang/Object;J)Ljava/lang/Object;> (0x0000000710860028) thrown at [t:/workspace/open/src/hotspot/share/interpreter/linkResolver.cp
Event: 16.115 Thread 0x0000022fd6ae6000 Exception <a 'java/lang/NoSuchMethodError'{0x0000000710866720}: java.lang.invoke.Invokers$Holder.linkToTargetMethod(JLjava/lang/Object;)Ljava/lang/Object;> (0x0000000710866720) thrown at [t:/workspace/open/src/hotspot/share/interpreter/linkResolver.cpp, l
Event: 16.117 Thread 0x0000022fd6ae6000 Exception <a 'java/lang/NoSuchMethodError'{0x000000071086ece0}: java.lang.invoke.DirectMethodHandle$Holder.invokeStaticInit(Ljava/lang/Object;Ljava/lang/Object;JLjava/lang/Object;)Ljava/lang/Object;> (0x000000071086ece0) thrown at [t:/workspace/open/src/h
Event: 16.117 Thread 0x0000022fd6ae6000 Exception <a 'java/lang/NoSuchMethodError'{0x0000000710874b88}: java.lang.invoke.DirectMethodHandle$Holder.invokeStatic(Ljava/lang/Object;Ljava/lang/Object;J)Ljava/lang/Object;> (0x0000000710874b88) thrown at [t:/workspace/open/src/hotspot/share/interpret
Event: 16.117 Thread 0x0000022fd6ae6000 Exception <a 'java/lang/NoSuchMethodError'{0x000000071087ae58}: java.lang.invoke.Invokers$Holder.linkToTargetMethod(Ljava/lang/Object;JLjava/lang/Object;)Ljava/lang/Object;> (0x000000071087ae58) thrown at [t:/workspace/open/src/hotspot/share/interpreter/l
Event: 16.147 Thread 0x0000022fd6ae6000 Exception <a 'java/lang/NoSuchMethodError'{0x00000007107ac278}: java.lang.invoke.DirectMethodHandle$Holder.invokeStatic(Ljava/lang/Object;Ljava/lang/Object;Ljava/lang/Object;Ljava/lang/Object;Ljava/lang/Object;Ljava/lang/Object;Ljava/lang/Object;Ljava/lan
Event: 16.319 Thread 0x0000022fd6ae6000 Exception <a 'java/lang/NoSuchMethodError'{0x0000000710590370}: java.lang.invoke.DirectMethodHandle$Holder.invokeStaticInit(Ljava/lang/Object;Ljava/lang/Object;Ljava/lang/Object;)I> (0x0000000710590370) thrown at [t:/workspace/open/src/hotspot/share/inter

Events (10 events):
Event: 181.301 Thread 0x0000022fd53c9800 DEOPT UNPACKING pc=0x0000022fb86ad8af sp=0x0000007236dfde20 mode 2
Event: 181.349 Thread 0x0000022fd6ae6000 Uncommon trap: trap_request=0xffffffde fr.pc=0x0000022fc030420c relative=0x0000000000007e0c
Event: 181.349 Thread 0x0000022fd6ae6000 DEOPT PACKING pc=0x0000022fc030420c sp=0x0000007237bfe9b0
Event: 181.349 Thread 0x0000022fd6ae6000 DEOPT UNPACKING pc=0x0000022fb86ad8af sp=0x0000007237bfe898 mode 2
Event: 181.349 Thread 0x0000022fd6ae6000 Uncommon trap: trap_request=0xffffffde fr.pc=0x0000022fc031451c relative=0x00000000000005dc
Event: 181.349 Thread 0x0000022fd6ae6000 DEOPT PACKING pc=0x0000022fc031451c sp=0x0000007237bfead0
Event: 181.349 Thread 0x0000022fd6ae6000 DEOPT UNPACKING pc=0x0000022fb86ad8af sp=0x0000007237bfea20 mode 2
Event: 181.349 Thread 0x0000022fd6ae6000 Uncommon trap: trap_request=0xffffffde fr.pc=0x0000022fc030cd58 relative=0x0000000000000d78
Event: 181.349 Thread 0x0000022fd6ae6000 DEOPT PACKING pc=0x0000022fc030cd58 sp=0x0000007237bfeaf0
Event: 181.349 Thread 0x0000022fd6ae6000 DEOPT UNPACKING pc=0x0000022fb86ad8af sp=0x0000007237bfea88 mode 2


Dynamic libraries:
0x00007ff7d4e90000 - 0x00007ff7d4ed5000 	C:\Program Files\BlueJ\jdk\bin\java.exe
0x00007ff893490000 - 0x00007ff893685000 	C:\WINDOWS\SYSTEM32\ntdll.dll
0x00007ff891c70000 - 0x00007ff891d2e000 	C:\WINDOWS\System32\KERNEL32.DLL
0x00007ff891200000 - 0x00007ff8914c8000 	C:\WINDOWS\System32\KERNELBASE.dll
0x00007ff893200000 - 0x00007ff8933a1000 	C:\WINDOWS\System32\USER32.dll
0x00007ff891040000 - 0x00007ff891062000 	C:\WINDOWS\System32\win32u.dll
0x00007ff892bf0000 - 0x00007ff892c1b000 	C:\WINDOWS\System32\GDI32.dll
0x00007ff890ba0000 - 0x00007ff890cad000 	C:\WINDOWS\System32\gdi32full.dll
0x00007ff891100000 - 0x00007ff89119d000 	C:\WINDOWS\System32\msvcp_win.dll
0x00007ff890e10000 - 0x00007ff890f10000 	C:\WINDOWS\System32\ucrtbase.dll
0x00007ff884e30000 - 0x00007ff8850ca000 	C:\WINDOWS\WinSxS\amd64_microsoft.windows.common-controls_6595b64144ccf1df_6.0.19041.1110_none_60b5254171f9507e\COMCTL32.dll
0x00007ff8933b0000 - 0x00007ff89344e000 	C:\WINDOWS\System32\msvcrt.dll
0x00007ff893040000 - 0x00007ff893070000 	C:\WINDOWS\System32\IMM32.DLL
0x00007ff88bf80000 - 0x00007ff88bf96000 	C:\Program Files\BlueJ\jdk\bin\vcruntime140.dll
0x00007ff8645a0000 - 0x00007ff86464a000 	C:\Program Files\BlueJ\jdk\bin\msvcp140.dll
0x00007ff828250000 - 0x00007ff828d73000 	C:\Program Files\BlueJ\jdk\bin\server\jvm.dll
0x00007ff892d50000 - 0x00007ff892dfe000 	C:\WINDOWS\System32\ADVAPI32.dll
0x00007ff8916d0000 - 0x00007ff89176c000 	C:\WINDOWS\System32\sechost.dll
0x00007ff892f10000 - 0x00007ff893035000 	C:\WINDOWS\System32\RPCRT4.dll
0x00007ff892d40000 - 0x00007ff892d48000 	C:\WINDOWS\System32\PSAPI.DLL
0x00007ff88bf30000 - 0x00007ff88bf39000 	C:\WINDOWS\SYSTEM32\WSOCK32.dll
0x00007ff888980000 - 0x00007ff8889a7000 	C:\WINDOWS\SYSTEM32\WINMM.dll
0x00007ff888970000 - 0x00007ff88897a000 	C:\WINDOWS\SYSTEM32\VERSION.dll
0x00007ff892af0000 - 0x00007ff892b5b000 	C:\WINDOWS\System32\WS2_32.dll
0x00007ff88eab0000 - 0x00007ff88eac2000 	C:\WINDOWS\SYSTEM32\kernel.appcore.dll
0x00007ff88b570000 - 0x00007ff88b581000 	C:\Program Files\BlueJ\jdk\bin\verify.dll
0x00007ff8864c0000 - 0x00007ff8866a4000 	C:\WINDOWS\SYSTEM32\DBGHELP.DLL
0x00007ff87ca40000 - 0x00007ff87ca6c000 	C:\WINDOWS\SYSTEM32\dbgcore.DLL
0x00007ff891070000 - 0x00007ff8910f2000 	C:\WINDOWS\System32\bcryptPrimitives.dll
0x00007ff8848d0000 - 0x00007ff8848f8000 	C:\Program Files\BlueJ\jdk\bin\java.dll
0x00007ff883e60000 - 0x00007ff883e97000 	C:\Program Files\BlueJ\jdk\bin\jdwp.dll
0x00007ff8848b0000 - 0x00007ff8848c6000 	C:\Program Files\BlueJ\jdk\bin\zip.dll
0x00007ff88b560000 - 0x00007ff88b56a000 	C:\Program Files\BlueJ\jdk\bin\jimage.dll
0x00007ff8923a0000 - 0x00007ff892ae4000 	C:\WINDOWS\System32\SHELL32.dll
0x00007ff88ecb0000 - 0x00007ff88f445000 	C:\WINDOWS\SYSTEM32\windows.storage.dll
0x00007ff891da0000 - 0x00007ff8920f5000 	C:\WINDOWS\System32\combase.dll
0x00007ff8905f0000 - 0x00007ff89061e000 	C:\WINDOWS\SYSTEM32\Wldp.dll
0x00007ff892e60000 - 0x00007ff892f0d000 	C:\WINDOWS\System32\SHCORE.dll
0x00007ff891d40000 - 0x00007ff891d95000 	C:\WINDOWS\System32\shlwapi.dll
0x00007ff890ae0000 - 0x00007ff890aff000 	C:\WINDOWS\SYSTEM32\profapi.dll
0x00007ff883830000 - 0x00007ff88383b000 	C:\Program Files\BlueJ\jdk\bin\dt_shmem.dll
0x00007ff884890000 - 0x00007ff8848a9000 	C:\Program Files\BlueJ\jdk\bin\net.dll
0x00007ff889ad0000 - 0x00007ff889bdc000 	C:\WINDOWS\SYSTEM32\WINHTTP.dll
0x00007ff882e50000 - 0x00007ff88303b000 	C:\WINDOWS\SYSTEM32\urlmon.dll
0x00007ff886080000 - 0x00007ff8860a8000 	C:\WINDOWS\SYSTEM32\srvcli.dll
0x00007ff8850e0000 - 0x00007ff885390000 	C:\WINDOWS\SYSTEM32\iertutil.dll
0x00007ff890030000 - 0x00007ff89003c000 	C:\WINDOWS\SYSTEM32\netutils.dll
0x00007ff890350000 - 0x00007ff8903ba000 	C:\WINDOWS\system32\mswsock.dll
0x00007ff884870000 - 0x00007ff884883000 	C:\Program Files\BlueJ\jdk\bin\nio.dll
0x00007ff883880000 - 0x00007ff883a1e000 	C:\Program Files\BlueJ\jdk\bin\awt.dll
0x00007ff891600000 - 0x00007ff8916cd000 	C:\WINDOWS\System32\OLEAUT32.dll
0x00007ff88c780000 - 0x00007ff88cd40000 	C:\WINDOWS\SYSTEM32\d2d1.dll
0x00007ff88de20000 - 0x00007ff88deb0000 	C:\WINDOWS\SYSTEM32\apphelp.dll
0x00007ff88e530000 - 0x00007ff88e5ce000 	C:\WINDOWS\system32\uxtheme.dll
0x00007ff892c20000 - 0x00007ff892d35000 	C:\WINDOWS\System32\MSCTF.dll
0x00007ff8914d0000 - 0x00007ff8915fa000 	C:\WINDOWS\System32\ole32.dll
0x00007ff890540000 - 0x00007ff890558000 	C:\WINDOWS\SYSTEM32\CRYPTSP.dll
0x00007ff88fc60000 - 0x00007ff88fc94000 	C:\WINDOWS\system32\rsaenh.dll
0x00007ff890f10000 - 0x00007ff890f37000 	C:\WINDOWS\System32\bcrypt.dll
0x00007ff890a60000 - 0x00007ff890a8e000 	C:\WINDOWS\SYSTEM32\USERENV.dll
0x00007ff890560000 - 0x00007ff89056c000 	C:\WINDOWS\SYSTEM32\CRYPTBASE.dll
0x00007ff88fff0000 - 0x00007ff89002b000 	C:\WINDOWS\SYSTEM32\IPHLPAPI.DLL
0x00007ff891d30000 - 0x00007ff891d38000 	C:\WINDOWS\System32\NSI.dll
0x00007ff88b100000 - 0x00007ff88b117000 	C:\WINDOWS\SYSTEM32\dhcpcsvc6.DLL
0x00007ff88b0e0000 - 0x00007ff88b0fd000 	C:\WINDOWS\SYSTEM32\dhcpcsvc.DLL
0x00007ff890040000 - 0x00007ff89010b000 	C:\WINDOWS\SYSTEM32\DNSAPI.dll
0x00000000637c0000 - 0x00000000637ca000 	C:\Users\Michael\AppData\Local\Temp\jogamp_0000\file_cache\jln18216787227450839354\jln9463046136320353258\gluegen-rt.dll
0x00007ff88b970000 - 0x00007ff88b977000 	C:\Program Files\BlueJ\jdk\bin\jawt.dll
0x000000006a440000 - 0x000000006a44b000 	C:\Users\Michael\AppData\Local\Temp\jogamp_0000\file_cache\jln18216787227450839354\jln9463046136320353258\nativewindow_awt.dll
0x00007ff88e7c0000 - 0x00007ff88e7ef000 	C:\WINDOWS\system32\DWMAPI.DLL
0x00007ff8691b0000 - 0x00007ff8692d5000 	C:\WINDOWS\system32\opengl32.dll
0x00007ff86b8e0000 - 0x00007ff86b90c000 	C:\WINDOWS\SYSTEM32\GLU32.dll
0x00007ff86c1c0000 - 0x00007ff86c390000 	C:\WINDOWS\system32\d3d9.dll
0x00007ff8889b0000 - 0x00007ff888b8b000 	C:\WINDOWS\System32\DriverStore\FileRepository\c0360470.inf_amd64_b06c374aee20d185\B360357\aticfx64.dll
0x00007ff868740000 - 0x00007ff868773000 	C:\WINDOWS\System32\DriverStore\FileRepository\c0360470.inf_amd64_b06c374aee20d185\B360357\atiu9p64.dll
0x00007ff8592b0000 - 0x00007ff859f46000 	C:\WINDOWS\System32\DriverStore\FileRepository\c0360470.inf_amd64_b06c374aee20d185\B360357\atiumd64.dll
0x00000000729f0000 - 0x0000000073869000 	C:\WINDOWS\System32\DriverStore\FileRepository\c0360470.inf_amd64_b06c374aee20d185\B360357\atiumd6a.dll
0x00007ff890110000 - 0x00007ff89015b000 	C:\WINDOWS\SYSTEM32\POWRPROF.dll
0x00007ff88ffd0000 - 0x00007ff88ffe2000 	C:\WINDOWS\SYSTEM32\UMPDC.dll
0x00007ff886240000 - 0x00007ff88626f000 	C:\WINDOWS\SYSTEM32\amdihk64.dll
0x00007ff888b90000 - 0x00007ff888bcb000 	C:\WINDOWS\SYSTEM32\dxcore.dll
0x00007ff890ff0000 - 0x00007ff89103e000 	C:\WINDOWS\System32\cfgmgr32.dll
0x000000006c100000 - 0x000000006c10b000 	C:\Users\Michael\AppData\Local\Temp\jogamp_0000\file_cache\jln18216787227450839354\jln9463046136320353258\nativewindow_win32.dll
0x0000000064500000 - 0x000000006458d000 	C:\Users\Michael\AppData\Local\Temp\jogamp_0000\file_cache\jln18216787227450839354\jln9463046136320353258\jogl_desktop.dll
0x00007ff893150000 - 0x00007ff8931f9000 	C:\WINDOWS\System32\clbcatq.dll
0x00007ff88b1f0000 - 0x00007ff88b2e9000 	C:\Windows\System32\AppXDeploymentClient.dll
0x00007ff86b7d0000 - 0x00007ff86b7fa000 	C:\WINDOWS\System32\DriverStore\FileRepository\c0360470.inf_amd64_b06c374aee20d185\B360357\atig6pxx.dll
0x00007ff859f50000 - 0x00007ff85cc37000 	C:\WINDOWS\System32\DriverStore\FileRepository\c0360470.inf_amd64_b06c374aee20d185\B360357\atio6axx.dll
0x00007ff8917f0000 - 0x00007ff891c62000 	C:\WINDOWS\System32\SETUPAPI.dll
0x00007ff86c190000 - 0x00007ff86c1b4000 	C:\WINDOWS\SYSTEM32\dxva2.dll
0x00007ff86a8c0000 - 0x00007ff86a8fc000 	C:\WINDOWS\System32\DriverStore\FileRepository\c0360470.inf_amd64_b06c374aee20d185\B360357\atig6txx.dll
0x00007ff860990000 - 0x00007ff860b49000 	C:\WINDOWS\SYSTEM32\atiadlxx.dll
0x00007ff88e1a0000 - 0x00007ff88e296000 	C:\WINDOWS\SYSTEM32\PROPSYS.dll
0x00007ff890940000 - 0x00007ff890974000 	C:\WINDOWS\SYSTEM32\DEVOBJ.dll
0x00007ff8911a0000 - 0x00007ff891200000 	C:\WINDOWS\System32\WINTRUST.dll
0x00007ff890cb0000 - 0x00007ff890e06000 	C:\WINDOWS\System32\CRYPT32.dll
0x00007ff890780000 - 0x00007ff890792000 	C:\WINDOWS\SYSTEM32\MSASN1.dll
0x00007ff8698e0000 - 0x00007ff869960000 	C:\Program Files\BlueJ\jdk\bin\freetype.dll
0x00007ff86b090000 - 0x00007ff86b0ff000 	C:\Program Files\BlueJ\jdk\bin\fontmanager.dll
0x00007ff8842d0000 - 0x00007ff8843c9000 	C:\WINDOWS\SYSTEM32\textinputframework.dll
0x00007ff88d630000 - 0x00007ff88d722000 	C:\WINDOWS\System32\CoreMessaging.dll
0x00007ff88cf50000 - 0x00007ff88d2ae000 	C:\WINDOWS\System32\CoreUIComponents.dll
0x00007ff88f890000 - 0x00007ff88f8c3000 	C:\WINDOWS\SYSTEM32\ntmarta.dll
0x00007ff88d730000 - 0x00007ff88d884000 	C:\WINDOWS\SYSTEM32\wintypes.dll
0x00007ff87cb90000 - 0x00007ff87cbf6000 	C:\WINDOWS\system32\Oleacc.dll
0x00007ff883820000 - 0x00007ff883829000 	C:\Program Files\BlueJ\jdk\bin\management.dll
0x00007ff87cb60000 - 0x00007ff87cb6c000 	C:\Program Files\BlueJ\jdk\bin\management_ext.dll
0x00007ff849b60000 - 0x00007ff849b77000 	C:\WINDOWS\system32\napinsp.dll
0x00007ff849b40000 - 0x00007ff849b5b000 	C:\WINDOWS\system32\pnrpnsp.dll
0x00007ff88cf30000 - 0x00007ff88cf45000 	C:\WINDOWS\system32\wshbth.dll
0x00007ff88bee0000 - 0x00007ff88befd000 	C:\WINDOWS\system32\NLAapi.dll
0x00007ff849b20000 - 0x00007ff849b32000 	C:\WINDOWS\System32\winrnr.dll
0x00007ff888960000 - 0x00007ff88896a000 	C:\Windows\System32\rasadhlp.dll
0x00007ff886f40000 - 0x00007ff886fbf000 	C:\WINDOWS\System32\fwpuclnt.dll
0x0000022fd64b0000 - 0x0000022fd64b3000 	C:\Program Files\BlueJ\lib\javafx\bin\api-ms-win-core-console-l1-1-0.dll
0x0000022fd64c0000 - 0x0000022fd64c3000 	C:\Program Files\BlueJ\lib\javafx\bin\api-ms-win-core-datetime-l1-1-0.dll
0x0000022fd64d0000 - 0x0000022fd64d3000 	C:\Program Files\BlueJ\lib\javafx\bin\api-ms-win-core-debug-l1-1-0.dll
0x0000022fdf4e0000 - 0x0000022fdf4e3000 	C:\Program Files\BlueJ\lib\javafx\bin\api-ms-win-core-errorhandling-l1-1-0.dll
0x0000022fdf4f0000 - 0x0000022fdf4f4000 	C:\Program Files\BlueJ\lib\javafx\bin\api-ms-win-core-file-l1-1-0.dll
0x0000022fdf500000 - 0x0000022fdf503000 	C:\Program Files\BlueJ\lib\javafx\bin\api-ms-win-core-file-l1-2-0.dll
0x0000022fdf510000 - 0x0000022fdf513000 	C:\Program Files\BlueJ\lib\javafx\bin\api-ms-win-core-file-l2-1-0.dll
0x0000022fdf520000 - 0x0000022fdf523000 	C:\Program Files\BlueJ\lib\javafx\bin\api-ms-win-core-handle-l1-1-0.dll
0x0000022fdf530000 - 0x0000022fdf533000 	C:\Program Files\BlueJ\lib\javafx\bin\api-ms-win-core-heap-l1-1-0.dll
0x0000022fdf540000 - 0x0000022fdf543000 	C:\Program Files\BlueJ\lib\javafx\bin\api-ms-win-core-interlocked-l1-1-0.dll
0x0000022fe0910000 - 0x0000022fe0913000 	C:\Program Files\BlueJ\lib\javafx\bin\api-ms-win-core-libraryloader-l1-1-0.dll
0x0000022fe0920000 - 0x0000022fe0923000 	C:\Program Files\BlueJ\lib\javafx\bin\api-ms-win-core-localization-l1-2-0.dll
0x0000022fe0930000 - 0x0000022fe0933000 	C:\Program Files\BlueJ\lib\javafx\bin\api-ms-win-core-memory-l1-1-0.dll
0x0000022fe0940000 - 0x0000022fe0943000 	C:\Program Files\BlueJ\lib\javafx\bin\api-ms-win-core-namedpipe-l1-1-0.dll

dbghelp: loaded successfully - version: 4.0.5 - missing functions: none
symbol engine: initialized successfully - sym options: 0x614 - pdb path: .;C:\Program Files\BlueJ\jdk\bin;C:\WINDOWS\SYSTEM32;C:\WINDOWS\WinSxS\amd64_microsoft.windows.common-controls_6595b64144ccf1df_6.0.19041.1110_none_60b5254171f9507e;C:\Program Files\BlueJ\jdk\bin\server;C:\Users\Michael\AppData\Local\Temp\jogamp_0000\file_cache\jln18216787227450839354\jln9463046136320353258;C:\WINDOWS\System32\DriverStore\FileRepository\c0360470.inf_amd64_b06c374aee20d185\B360357;C:\Program Files\BlueJ\lib\javafx\bin;C:\Users\Michael\AppData\Local\Discord\app-1.0.9003\modules\discord_hook-1\discord_hook\2b6f62ed4f4

VM Arguments:
jvm_args: -ea -agentlib:jdwp=transport=dt_shmem,address=javadebug -Dfile.encoding=UTF-8 
java_command: bluej.runtime.ExecServer UTF-8
java_class_path (initial): C:\Program Files\BlueJ\lib\bluejcore.jar;C:\Program Files\BlueJ\lib\junit-4.11.jar;C:\Program Files\BlueJ\lib\hamcrest-core-1.3.jar;C:\Program Files\BlueJ\lib\lang-stride.jar;C:\Program Files\BlueJ\lib\javafx\lib\javafx.base.jar;C:\Program Files\BlueJ\lib\javafx\lib\javafx.controls.jar;C:\Program Files\BlueJ\lib\javafx\lib\javafx.fxml.jar;C:\Program Files\BlueJ\lib\javafx\lib\javafx.graphics.jar;C:\Program Files\BlueJ\lib\javafx\lib\javafx.media.jar;C:\Program Files\BlueJ\lib\javafx\lib\javafx.properties.jar;C:\Program Files\BlueJ\lib\javafx\lib\javafx.swing.jar;C:\Program Files\BlueJ\lib\javafx\lib\javafx.web.jar;C:\Program Files\BlueJ\lib\javafx\lib\javafx.base.jar;C:\Program Files\BlueJ\lib\javafx\lib\javafx.controls.jar;C:\Program Files\BlueJ\lib\javafx\lib\javafx.fxml.jar;C:\Program Files\BlueJ\lib\javafx\lib\javafx.graphics.jar;C:\Program Files\BlueJ\lib\javafx\lib\javafx.media.jar;C:\Program Files\BlueJ\lib\javafx\lib\javafx.properties.jar;C:\Program Files\BlueJ\lib\javafx\lib\javafx.swing.jar;C:\Program Files\BlueJ\lib\javafx\lib\javafx.web.jar;D:\Users\Michael\Downloads\Installation GLOOP 3.7 (Windows)\lib\GLOOP.jar;D:\Users\Michael\Downloads\Installation GLOOP 3.7 (Windows)\lib\gluegen-rt.jar;D:\Users\Michael\Downloads\Installation GLOOP 3.7 (Windows)\lib\gluegen-rt-natives-windows-amd64.jar;D:\Users\Michael\Downloads\Installation GLOOP 3.7 (Windows)\lib\gluegen-rt-natives-windows-i586.jar;D:\Users\Michael\Downloads\Installation GLOOP 3.7 (Windows)\lib\jogl-all.jar;D:\Users\Michael\Downloads\Installation GLOOP 3.7 (Windows)\lib\jogl-all-natives-windows-amd64.jar;D:\Users\Michael\Downloads\Installation GLOOP 3.7 (Windows)\lib\jogl-all-natives-windows-i586.jar;C:\Program Files\BlueJ\lib\userlib\basisUTF8151026 (1).jar
Launcher Type: SUN_STANDARD

[Global flags]
     intx CICompilerCount                          = 4                                         {product} {ergonomic}
     uint ConcGCThreads                            = 2                                         {product} {ergonomic}
     uint G1ConcRefinementThreads                  = 8                                         {product} {ergonomic}
   size_t G1HeapRegionSize                         = 1048576                                   {product} {ergonomic}
    uintx GCDrainStackTargetSize                   = 64                                        {product} {ergonomic}
   size_t InitialHeapSize                          = 268435456                                 {product} {ergonomic}
   size_t MarkStackSize                            = 4194304                                   {product} {ergonomic}
   size_t MaxHeapSize                              = 4282384384                                {product} {ergonomic}
   size_t MaxNewSize                               = 2569011200                                {product} {ergonomic}
   size_t MinHeapDeltaBytes                        = 1048576                                   {product} {ergonomic}
    uintx NonNMethodCodeHeapSize                   = 5835340                                {pd product} {ergonomic}
    uintx NonProfiledCodeHeapSize                  = 122911450                              {pd product} {ergonomic}
    uintx ProfiledCodeHeapSize                     = 122911450                              {pd product} {ergonomic}
    uintx ReservedCodeCacheSize                    = 251658240                              {pd product} {ergonomic}
     bool SegmentedCodeCache                       = true                                      {product} {ergonomic}
     bool UseCompressedClassPointers               = true                                 {lp64_product} {ergonomic}
     bool UseCompressedOops                        = true                                 {lp64_product} {ergonomic}
     bool UseG1GC                                  = true                                      {product} {ergonomic}
     bool UseLargePagesIndividualAllocation        = false                                  {pd product} {ergonomic}

Logging:
Log output configuration:
 #0: stdout all=warning uptime,level,tags
 #1: stderr all=off uptime,level,tags

Environment Variables:
PATH=C:\Program Files (x86)\Common Files\Oracle\Java\javapath;C:\ProgramData\Oracle\Java\javapath;C:\Program Files (x86)\PC Connectivity Solution\;C:\Program Files (x86)\Intel\iCLS Client\;C:\Program Files\Intel\iCLS Client\;C:\WINDOWS\system32;C:\WINDOWS;C:\WINDOWS\System32\Wbem;C:\WINDOWS\System32\WindowsPowerShell\v1.0\;C:\Program Files\Intel\Intel(R) Management Engine Components\DAL;C:\Program Files (x86)\Intel\Intel(R) Management Engine Components\DAL;C:\Program Files\Intel\Intel(R) Management Engine Components\IPT;C:\Program Files (x86)\Intel\Intel(R) Management Engine Components\IPT;C:\Program Files (x86)\ATI Technologies\ATI.ACE\Core-Static;C:\Program Files (x86)\AMD\ATI.ACE\Core-Static;C:\WINDOWS\System32\OpenSSH\;C:\Users\Michael\;C:\Program Files\Intel\WiFi\bin\;C:\Program Files\Common Files\Intel\WirelessCommon\;C:\Program Files\Calibre2\;C:\Program Files\Git\cmd;C:\Users\Michael\AppData\Local\Microsoft\WindowsApps;C:\Users\Michael\AppData\Local\Programs\Microsoft VS Code\bin;C:\Users\Michael\AppData\Local\GitHubDesktop\bin
USERNAME=Michael
OS=Windows_NT
PROCESSOR_IDENTIFIER=Intel64 Family 6 Model 60 Stepping 3, GenuineIntel



---------------  S Y S T E M  ---------------

OS: Windows 10 , 64 bit Build 19041 (10.0.19041.1466)

CPU:total 8 (initial active 8) (4 cores per cpu, 2 threads per core) family 6 model 60 stepping 3, cmov, cx8, fxsr, mmx, sse, sse2, sse3, ssse3, sse4.1, sse4.2, popcnt, avx, avx2, aes, clmul, erms, lzcnt, ht, tsc, tscinvbit, bmi1, bmi2, fma

Memory: 4k page, system-wide physical 16329M (6139M free)
TotalPageFile size 24521M (AvailPageFile size 5838M)
current process WorkingSet (physical memory assigned to process): 842M, peak: 842M
current process commit charge ("private bytes"): 2521M, peak: 2521M

vm_info: OpenJDK 64-Bit Server VM (11.0.2+9) for windows-amd64 JRE (11.0.2+9), built on Jan 18 2019 05:23:22 by "mach5one" with MS VC++ 15.5 (VS2017)

END.
